     DEBUG |   68 | KB4IT                | 11/01/2026 12:24:56.261 | Temporary KB4IT Log file: /home/runner/.kb4it/var/log/kb4it.log.139874270962607240
     DEBUG |   69 | KB4IT                | 11/01/2026 12:24:56.262 | KB4IT 0.7.25+build.3
     DEBUG |   70 | KB4IT                | 11/01/2026 12:24:56.262 | CONF[SYS] PYTHON[3.14.2 (main, Dec  8 2025, 02:53:13) [GCC 13.3.0]]
     DEBUG |   71 | KB4IT                | 11/01/2026 12:24:56.262 | CONF[SYS] PLATFORM[Ubuntu 24.04.3 LTS]
     DEBUG |   99 | KB4IT                | 11/01/2026 12:24:56.262 | CONF[CMDLINE] PARAM[log_level] VALUE[DEBUG]
     DEBUG |   99 | KB4IT                | 11/01/2026 12:24:56.262 | CONF[CMDLINE] PARAM[action] VALUE[build]
     DEBUG |   99 | KB4IT                | 11/01/2026 12:24:56.262 | CONF[CMDLINE] PARAM[config] VALUE[config/blog.json]
     DEBUG |   99 | KB4IT                | 11/01/2026 12:24:56.262 | CONF[CMDLINE] PARAM[force] VALUE[False]
     DEBUG |   99 | KB4IT                | 11/01/2026 12:24:56.262 | CONF[CMDLINE] PARAM[workers] VALUE[8]
     DEBUG |  152 | KB4IT                | 11/01/2026 12:24:56.262 | CONF[ENV] PID[2320] FILE[/home/runner/.kb4it/var/kb4it.pid]
     DEBUG |   65 | Backend              | 11/01/2026 12:24:56.263 | CONF[REPO] CONFIG_FILE[ VALUE[config/blog.json]
     DEBUG |   67 | Backend              | 11/01/2026 12:24:56.263 | CONF[REPO] PARAM[datatable] VALUE[['Updated', 'Category', 'Title', 'Topic']]
     DEBUG |   67 | Backend              | 11/01/2026 12:24:56.263 | CONF[REPO] PARAM[events] VALUE[['Post', 'Note', 'Bookmark']]
     DEBUG |   67 | Backend              | 11/01/2026 12:24:56.263 | CONF[REPO] PARAM[force] VALUE[False]
     DEBUG |   67 | Backend              | 11/01/2026 12:24:56.263 | CONF[REPO] PARAM[git] VALUE[True]
     DEBUG |   67 | Backend              | 11/01/2026 12:24:56.263 | CONF[REPO] PARAM[git_branch] VALUE[main]
     DEBUG |   67 | Backend              | 11/01/2026 12:24:56.263 | CONF[REPO] PARAM[git_path] VALUE[source]
     DEBUG |   67 | Backend              | 11/01/2026 12:24:56.263 | CONF[REPO] PARAM[git_repo] VALUE[blog]
     DEBUG |   67 | Backend              | 11/01/2026 12:24:56.263 | CONF[REPO] PARAM[git_server] VALUE[https://github.com]
     DEBUG |   67 | Backend              | 11/01/2026 12:24:56.263 | CONF[REPO] PARAM[git_user] VALUE[t00m]
     DEBUG |   67 | Backend              | 11/01/2026 12:24:56.263 | CONF[REPO] PARAM[ignored_keys] VALUE[['Updated']]
     DEBUG |   67 | Backend              | 11/01/2026 12:24:56.263 | CONF[REPO] PARAM[index_posts] VALUE[5]
     DEBUG |   67 | Backend              | 11/01/2026 12:24:56.263 | CONF[REPO] PARAM[logo] VALUE[resources/themes/blog/images/logo.svg]
     DEBUG |   67 | Backend              | 11/01/2026 12:24:56.263 | CONF[REPO] PARAM[logo_alt] VALUE[]
     DEBUG |   67 | Backend              | 11/01/2026 12:24:56.263 | CONF[REPO] PARAM[menu] VALUE[['Author', 'Category']]
     DEBUG |   67 | Backend              | 11/01/2026 12:24:56.263 | CONF[REPO] PARAM[sort] VALUE[Updated]
     DEBUG |   67 | Backend              | 11/01/2026 12:24:56.264 | CONF[REPO] PARAM[source] VALUE[source]
     DEBUG |   67 | Backend              | 11/01/2026 12:24:56.264 | CONF[REPO] PARAM[target] VALUE[docs]
     DEBUG |   67 | Backend              | 11/01/2026 12:24:56.264 | CONF[REPO] PARAM[theme] VALUE[blog]
     DEBUG |   67 | Backend              | 11/01/2026 12:24:56.264 | CONF[REPO] PARAM[timeline] VALUE[['Post', 'Note']]
     DEBUG |   67 | Backend              | 11/01/2026 12:24:56.264 | CONF[REPO] PARAM[tagline] VALUE[My public notes]
     DEBUG |   67 | Backend              | 11/01/2026 12:24:56.264 | CONF[REPO] PARAM[title] VALUE[t00mterías]
     DEBUG |   67 | Backend              | 11/01/2026 12:24:56.264 | CONF[REPO] PARAM[webserver] VALUE[True]
     DEBUG |   85 | Backend              | 11/01/2026 12:24:56.264 | CONF[REPO] PARAM[force] set to False
     DEBUG |  135 | Backend              | 11/01/2026 12:24:56.265 | CONF[APP] LOG_FILE[/home/runner/work/blog/blog/var/log/homerunnerworkblogblogsource.log]
     DEBUG |  199 | Backend              | 11/01/2026 12:24:56.265 | [CONF] - Current kbdict entries: 2
      INFO |   99 | Workflow             | 11/01/2026 12:24:56.265 | Building a website for repository 't00mterías'
      INFO |  100 | Workflow             | 11/01/2026 12:24:56.265 | Using theme 'blog'
      INFO |  101 | Workflow             | 11/01/2026 12:24:56.266 | Check environment
     DEBUG |  289 | Backend              | 11/01/2026 12:24:56.266 | [CHECKS] - START
     DEBUG |  290 | Backend              | 11/01/2026 12:24:56.266 | CONF[APP] DIR[CACHE] VALUE[/home/runner/work/blog/blog/var/work/homerunnerworkblogblogsource/cache]
     DEBUG |  291 | Backend              | 11/01/2026 12:24:56.266 | CONF[APP] DIR[WORKDIR] VALUE[/home/runner/work/blog/blog/var/work/homerunnerworkblogblogsource/tmp]
     DEBUG |  292 | Backend              | 11/01/2026 12:24:56.266 | CONF[APP] DIR[DISTRIBUTION] VALUE[/home/runner/work/blog/blog/var/work/homerunnerworkblogblogsource/dist]
     DEBUG |  293 | Backend              | 11/01/2026 12:24:56.266 | CONF[APP] DIR[TMPWWW] VALUE[/home/runner/work/blog/blog/var/work/homerunnerworkblogblogsource/www]
     DEBUG |  299 | Backend              | 11/01/2026 12:24:56.266 | CONF[APP] DIR[SOURCE] VALUE[/home/runner/work/blog/blog/source]
     DEBUG |  304 | Backend              | 11/01/2026 12:24:56.266 | CONF[APP] DIR[TARGET] VALUE[/home/runner/work/blog/blog/docs]
     DEBUG |  108 | Frontend             | 11/01/2026 12:24:56.266 | CONF[THEME] NAME[Blog] VERSION[0.1.0]
     DEBUG |  335 | Backend              | 11/01/2026 12:24:56.279 | [CHECKS] - END
      INFO |  103 | Workflow             | 11/01/2026 12:24:56.279 | Allow theme to generate sources
      INFO |  106 | Workflow             | 11/01/2026 12:24:56.279 | Get source documents
     DEBUG |  340 | Backend              | 11/01/2026 12:24:56.279 | [SOURCES] - START
   WARNING |  352 | Backend              | 11/01/2026 12:24:56.279 |   - Added missing 'About App' to your sources
     DEBUG |  361 | Backend              | 11/01/2026 12:24:56.280 | STATS - Found 6 asciidoctor documents in source directory
     DEBUG |  362 | Backend              | 11/01/2026 12:24:56.280 | [SOURCES] - END
      INFO |  108 | Workflow             | 11/01/2026 12:24:56.280 | Preprocessing
     DEBUG |  532 | Backend              | 11/01/2026 12:24:56.280 | [PREPROCESSING] - START
     DEBUG |  403 | Backend              | 11/01/2026 12:24:56.280 | DOC[20251208-2230.adoc] Title[Blog theme features a new index page]
     DEBUG |  408 | Backend              | 11/01/2026 12:24:56.280 | DOC[20251208-2230.adoc] has 7 keys
     DEBUG |   70 | Database             | 11/01/2026 12:24:56.280 | DOC[20251208-2230.adoc] added to database
     DEBUG |  427 | Backend              | 11/01/2026 12:24:56.280 | DOC[20251208-2230.adoc] HASH[5504b6071d14d121fd975ad6cfa8b1b3e544bba6c454a40ee5291f80156e2d7f]
     DEBUG |   81 | Database             | 11/01/2026 12:24:56.281 | DOC[20251208-2230.adoc] KEY[Title] VALUE[Blog theme features a new index page] added
     DEBUG |   81 | Database             | 11/01/2026 12:24:56.281 | DOC[20251208-2230.adoc] KEY[Author] VALUE[Tomás Vírseda] added
     DEBUG |   81 | Database             | 11/01/2026 12:24:56.281 | DOC[20251208-2230.adoc] KEY[Category] VALUE[Post] added
     DEBUG |   81 | Database             | 11/01/2026 12:24:56.281 | DOC[20251208-2230.adoc] KEY[Topic] VALUE[Development] added
     DEBUG |   81 | Database             | 11/01/2026 12:24:56.281 | DOC[20251208-2230.adoc] KEY[Product] VALUE[KB4IT] added
     DEBUG |   81 | Database             | 11/01/2026 12:24:56.281 | DOC[20251208-2230.adoc] KEY[Product] VALUE[Mako] added
     DEBUG |   81 | Database             | 11/01/2026 12:24:56.281 | DOC[20251208-2230.adoc] KEY[Tag] VALUE[index] added
     DEBUG |   81 | Database             | 11/01/2026 12:24:56.281 | DOC[20251208-2230.adoc] KEY[Tag] VALUE[page] added
     DEBUG |   81 | Database             | 11/01/2026 12:24:56.281 | DOC[20251208-2230.adoc] KEY[Tag] VALUE[template] added
     DEBUG |   81 | Database             | 11/01/2026 12:24:56.345 | DOC[20251208-2230.adoc] KEY[Updated] VALUE[2025-12-08 23:00:00] added
     DEBUG |  222 | Backend              | 11/01/2026 12:24:56.345 | DOC[20251208-2230.adoc] targets to RESOURCE[20251208-2230.html]
     DEBUG |  403 | Backend              | 11/01/2026 12:24:56.346 | DOC[20251214-0030.adoc] Title[Pixi: Managing Python Environments]
     DEBUG |  408 | Backend              | 11/01/2026 12:24:56.346 | DOC[20251214-0030.adoc] has 7 keys
     DEBUG |   70 | Database             | 11/01/2026 12:24:56.346 | DOC[20251214-0030.adoc] added to database
     DEBUG |  427 | Backend              | 11/01/2026 12:24:56.346 | DOC[20251214-0030.adoc] HASH[7a8cd501f94919ee4e8645b8821802693eccf77fbb1cb5cb7dea626d9a09dfff]
     DEBUG |   81 | Database             | 11/01/2026 12:24:56.346 | DOC[20251214-0030.adoc] KEY[Title] VALUE[Pixi: Managing Python Environments] added
     DEBUG |   81 | Database             | 11/01/2026 12:24:56.346 | DOC[20251214-0030.adoc] KEY[Author] VALUE[Tomás Vírseda] added
     DEBUG |   81 | Database             | 11/01/2026 12:24:56.346 | DOC[20251214-0030.adoc] KEY[Category] VALUE[Post] added
     DEBUG |   81 | Database             | 11/01/2026 12:24:56.346 | DOC[20251214-0030.adoc] KEY[Topic] VALUE[Package management] added
     DEBUG |   81 | Database             | 11/01/2026 12:24:56.346 | DOC[20251214-0030.adoc] KEY[Product] VALUE[KB4IT] added
     DEBUG |   81 | Database             | 11/01/2026 12:24:56.346 | DOC[20251214-0030.adoc] KEY[Product] VALUE[Python] added
     DEBUG |   81 | Database             | 11/01/2026 12:24:56.346 | DOC[20251214-0030.adoc] KEY[Product] VALUE[Pixi] added
     DEBUG |   81 | Database             | 11/01/2026 12:24:56.346 | DOC[20251214-0030.adoc] KEY[Product] VALUE[Pypi] added
     DEBUG |   81 | Database             | 11/01/2026 12:24:56.346 | DOC[20251214-0030.adoc] KEY[Tag] VALUE[project] added
     DEBUG |   81 | Database             | 11/01/2026 12:24:56.346 | DOC[20251214-0030.adoc] KEY[Tag] VALUE[build] added
     DEBUG |   81 | Database             | 11/01/2026 12:24:56.347 | DOC[20251214-0030.adoc] KEY[Tag] VALUE[dependency] added
     DEBUG |   81 | Database             | 11/01/2026 12:24:56.347 | DOC[20251214-0030.adoc] KEY[Tag] VALUE[environment] added
     DEBUG |   81 | Database             | 11/01/2026 12:24:56.347 | DOC[20251214-0030.adoc] KEY[Updated] VALUE[2025-12-14 00:30:00] added
     DEBUG |  222 | Backend              | 11/01/2026 12:24:56.347 | DOC[20251214-0030.adoc] targets to RESOURCE[20251214-0030.html]
     DEBUG |  403 | Backend              | 11/01/2026 12:24:56.347 | DOC[20251226-PyGTK4.adoc] Title[App development with GTK, Python and Libadwaita]
     DEBUG |  408 | Backend              | 11/01/2026 12:24:56.347 | DOC[20251226-PyGTK4.adoc] has 9 keys
     DEBUG |   70 | Database             | 11/01/2026 12:24:56.347 | DOC[20251226-PyGTK4.adoc] added to database
     DEBUG |  427 | Backend              | 11/01/2026 12:24:56.348 | DOC[20251226-PyGTK4.adoc] HASH[3ee562c679dacc55b703353ed5685bd569c59149e352128a049ae388d7d76f0f]
     DEBUG |   81 | Database             | 11/01/2026 12:24:56.348 | DOC[20251226-PyGTK4.adoc] KEY[Title] VALUE[App development with GTK, Python and Libadwaita] added
     DEBUG |   81 | Database             | 11/01/2026 12:24:56.348 | DOC[20251226-PyGTK4.adoc] KEY[Author] VALUE[Tomás Vírseda] added
     DEBUG |   81 | Database             | 11/01/2026 12:24:56.348 | DOC[20251226-PyGTK4.adoc] KEY[Category] VALUE[Post] added
     DEBUG |   81 | Database             | 11/01/2026 12:24:56.348 | DOC[20251226-PyGTK4.adoc] KEY[Topic] VALUE[Development] added
     DEBUG |   81 | Database             | 11/01/2026 12:24:56.348 | DOC[20251226-PyGTK4.adoc] KEY[Topic] VALUE[Documentation] added
     DEBUG |   81 | Database             | 11/01/2026 12:24:56.348 | DOC[20251226-PyGTK4.adoc] KEY[Product] VALUE[GTK] added
     DEBUG |   81 | Database             | 11/01/2026 12:24:56.348 | DOC[20251226-PyGTK4.adoc] KEY[Product] VALUE[Libadwaita] added
     DEBUG |   81 | Database             | 11/01/2026 12:24:56.348 | DOC[20251226-PyGTK4.adoc] KEY[Product] VALUE[PyGObject] added
     DEBUG |   81 | Database             | 11/01/2026 12:24:56.348 | DOC[20251226-PyGTK4.adoc] KEY[Product] VALUE[GNOME] added
     DEBUG |   81 | Database             | 11/01/2026 12:24:56.348 | DOC[20251226-PyGTK4.adoc] KEY[Product] VALUE[MiAZ] added
     DEBUG |   81 | Database             | 11/01/2026 12:24:56.348 | DOC[20251226-PyGTK4.adoc] KEY[Tag] VALUE[api] added
     DEBUG |   81 | Database             | 11/01/2026 12:24:56.348 | DOC[20251226-PyGTK4.adoc] KEY[Tag] VALUE[documentation] added
     DEBUG |   81 | Database             | 11/01/2026 12:24:56.348 | DOC[20251226-PyGTK4.adoc] KEY[Programming Language] VALUE[Python] added
     DEBUG |   81 | Database             | 11/01/2026 12:24:56.348 | DOC[20251226-PyGTK4.adoc] KEY[Bookmark] VALUE[Yes] added
     DEBUG |   81 | Database             | 11/01/2026 12:24:56.349 | DOC[20251226-PyGTK4.adoc] KEY[Updated] VALUE[2025-12-28 18:40:00] added
     DEBUG |  222 | Backend              | 11/01/2026 12:24:56.349 | DOC[20251226-PyGTK4.adoc] targets to RESOURCE[20251226-PyGTK4.html]
     DEBUG |  403 | Backend              | 11/01/2026 12:24:56.349 | DOC[20251228-KB4IT-incremental-compiling.adoc] Title[KB4IT incremental compiling in Github (experimental)]
     DEBUG |  408 | Backend              | 11/01/2026 12:24:56.349 | DOC[20251228-KB4IT-incremental-compiling.adoc] has 7 keys
     DEBUG |   70 | Database             | 11/01/2026 12:24:56.349 | DOC[20251228-KB4IT-incremental-compiling.adoc] added to database
     DEBUG |  427 | Backend              | 11/01/2026 12:24:56.349 | DOC[20251228-KB4IT-incremental-compiling.adoc] HASH[8c0c4cc5180ca7d8fbad479d18f46ccad024c0a2f289055f1bd7c07f362d31d5]
     DEBUG |   81 | Database             | 11/01/2026 12:24:56.349 | DOC[20251228-KB4IT-incremental-compiling.adoc] KEY[Title] VALUE[KB4IT incremental compiling in Github (experimental)] added
     DEBUG |   81 | Database             | 11/01/2026 12:24:56.349 | DOC[20251228-KB4IT-incremental-compiling.adoc] KEY[Author] VALUE[Tomás Vírseda] added
     DEBUG |   81 | Database             | 11/01/2026 12:24:56.349 | DOC[20251228-KB4IT-incremental-compiling.adoc] KEY[Category] VALUE[Post] added
     DEBUG |   81 | Database             | 11/01/2026 12:24:56.349 | DOC[20251228-KB4IT-incremental-compiling.adoc] KEY[Topic] VALUE[Development] added
     DEBUG |   81 | Database             | 11/01/2026 12:24:56.350 | DOC[20251228-KB4IT-incremental-compiling.adoc] KEY[Topic] VALUE[Automation] added
     DEBUG |   81 | Database             | 11/01/2026 12:24:56.350 | DOC[20251228-KB4IT-incremental-compiling.adoc] KEY[Product] VALUE[KB4IT] added
     DEBUG |   81 | Database             | 11/01/2026 12:24:56.350 | DOC[20251228-KB4IT-incremental-compiling.adoc] KEY[Product] VALUE[Github Actions] added
     DEBUG |   81 | Database             | 11/01/2026 12:24:56.350 | DOC[20251228-KB4IT-incremental-compiling.adoc] KEY[Tag] VALUE[incremental] added
     DEBUG |   81 | Database             | 11/01/2026 12:24:56.350 | DOC[20251228-KB4IT-incremental-compiling.adoc] KEY[Tag] VALUE[compiling] added
     DEBUG |   81 | Database             | 11/01/2026 12:24:56.350 | DOC[20251228-KB4IT-incremental-compiling.adoc] KEY[Tag] VALUE[vm] added
     DEBUG |   81 | Database             | 11/01/2026 12:24:56.350 | DOC[20251228-KB4IT-incremental-compiling.adoc] KEY[Tag] VALUE[workflow] added
     DEBUG |   81 | Database             | 11/01/2026 12:24:56.350 | DOC[20251228-KB4IT-incremental-compiling.adoc] KEY[Tag] VALUE[cache] added
     DEBUG |   81 | Database             | 11/01/2026 12:24:56.350 | DOC[20251228-KB4IT-incremental-compiling.adoc] KEY[Updated] VALUE[2026-01-11 13:30:00] added
     DEBUG |  222 | Backend              | 11/01/2026 12:24:56.350 | DOC[20251228-KB4IT-incremental-compiling.adoc] targets to RESOURCE[20251228-KB4IT-incremental-compiling.html]
     DEBUG |  403 | Backend              | 11/01/2026 12:24:56.351 | DOC[20251231-1400-log_module.adoc] Title[A log module for KB4IT]
     DEBUG |  408 | Backend              | 11/01/2026 12:24:56.351 | DOC[20251231-1400-log_module.adoc] has 8 keys
     DEBUG |   70 | Database             | 11/01/2026 12:24:56.351 | DOC[20251231-1400-log_module.adoc] added to database
     DEBUG |  427 | Backend              | 11/01/2026 12:24:56.351 | DOC[20251231-1400-log_module.adoc] HASH[5353d5efe26338299bf04e1fe482469a43f3693143b5d1063f66c82cbc634a82]
     DEBUG |   81 | Database             | 11/01/2026 12:24:56.351 | DOC[20251231-1400-log_module.adoc] KEY[Title] VALUE[A log module for KB4IT] added
     DEBUG |   81 | Database             | 11/01/2026 12:24:56.351 | DOC[20251231-1400-log_module.adoc] KEY[Author] VALUE[Tomás Vírseda] added
     DEBUG |   81 | Database             | 11/01/2026 12:24:56.351 | DOC[20251231-1400-log_module.adoc] KEY[Category] VALUE[Post] added
     DEBUG |   81 | Database             | 11/01/2026 12:24:56.351 | DOC[20251231-1400-log_module.adoc] KEY[Topic] VALUE[Development] added
     DEBUG |   81 | Database             | 11/01/2026 12:24:56.351 | DOC[20251231-1400-log_module.adoc] KEY[Product] VALUE[KB4IT] added
     DEBUG |   81 | Database             | 11/01/2026 12:24:56.351 | DOC[20251231-1400-log_module.adoc] KEY[Tag] VALUE[logging] added
     DEBUG |   81 | Database             | 11/01/2026 12:24:56.351 | DOC[20251231-1400-log_module.adoc] KEY[Tag] VALUE[redirect] added
     DEBUG |   81 | Database             | 11/01/2026 12:24:56.351 | DOC[20251231-1400-log_module.adoc] KEY[Tag] VALUE[filehandler] added
     DEBUG |   81 | Database             | 11/01/2026 12:24:56.351 | DOC[20251231-1400-log_module.adoc] KEY[Programming Language] VALUE[Python] added
     DEBUG |   81 | Database             | 11/01/2026 12:24:56.352 | DOC[20251231-1400-log_module.adoc] KEY[Updated] VALUE[2025-12-31 14:00:00] added
     DEBUG |  222 | Backend              | 11/01/2026 12:24:56.352 | DOC[20251231-1400-log_module.adoc] targets to RESOURCE[20251231-1400-log_module.html]
     DEBUG |  403 | Backend              | 11/01/2026 12:24:56.352 | DOC[about_app.adoc] Title[About this app]
     DEBUG |  408 | Backend              | 11/01/2026 12:24:56.352 | DOC[about_app.adoc] has 2 keys
     DEBUG |   70 | Database             | 11/01/2026 12:24:56.352 | DOC[about_app.adoc] added to database
     DEBUG |  427 | Backend              | 11/01/2026 12:24:56.352 | DOC[about_app.adoc] HASH[5ab8aed57c7df4ad90c435a04a4d8c8ffd2bae64edbd11615d8e2a126b5e3b4a]
     DEBUG |   81 | Database             | 11/01/2026 12:24:56.352 | DOC[about_app.adoc] KEY[Title] VALUE[About this app] added
     DEBUG |   81 | Database             | 11/01/2026 12:24:56.352 | DOC[about_app.adoc] KEY[SystemPage] VALUE[Yes] added
     DEBUG |  222 | Backend              | 11/01/2026 12:24:56.352 | DOC[about_app.adoc] targets to RESOURCE[about_app.html]
     DEBUG |  548 | Backend              | 11/01/2026 12:24:56.353 | CONF[APP] PARAM[force] VALUE[True]: Keys hashes mismatch. Force compilation!
     DEBUG |  521 | Backend              | 11/01/2026 12:24:56.353 | DOC[20251208-2230.adoc] COMPILE[True] REASON[Forced]
     DEBUG |  521 | Backend              | 11/01/2026 12:24:56.354 | DOC[20251214-0030.adoc] COMPILE[True] REASON[Forced]
     DEBUG |  521 | Backend              | 11/01/2026 12:24:56.354 | DOC[20251226-PyGTK4.adoc] COMPILE[True] REASON[Forced]
     DEBUG |  521 | Backend              | 11/01/2026 12:24:56.354 | DOC[20251228-KB4IT-incremental-compiling.adoc] COMPILE[True] REASON[Forced]
     DEBUG |  521 | Backend              | 11/01/2026 12:24:56.354 | DOC[20251231-1400-log_module.adoc] COMPILE[True] REASON[Forced]
     DEBUG |  521 | Backend              | 11/01/2026 12:24:56.354 | DOC[about_app.adoc] COMPILE[True] REASON[Forced]
     DEBUG |  562 | Backend              | 11/01/2026 12:24:56.355 | STATS - Documents analyzed: 6
     DEBUG |  569 | Backend              | 11/01/2026 12:24:56.355 | STATS - Keep: 0 - Compile: 6
     DEBUG |  577 | Backend              | 11/01/2026 12:24:56.355 | [PREPROCESSING] - END
      INFO |  110 | Workflow             | 11/01/2026 12:24:56.355 | Backend processing
     DEBUG |  673 | Backend              | 11/01/2026 12:24:56.355 | [PROCESSING] - START
     DEBUG |  644 | Backend              | 11/01/2026 12:24:56.355 | KEY[Author] COMPILE[True]
     DEBUG |  653 | Backend              | 11/01/2026 12:24:56.355 | KEY[Author] VALUE[Tomás Vírseda] CHANGE[True]
     DEBUG |  658 | Backend              | 11/01/2026 12:24:56.355 | KEY[Author] VALUE[Tomás Vírseda] COMPILE[True]
     DEBUG |  662 | Backend              | 11/01/2026 12:24:56.355 | KEY[Author] COMPILE[True]
     DEBUG |  644 | Backend              | 11/01/2026 12:24:56.355 | KEY[Bookmark] COMPILE[True]
     DEBUG |  653 | Backend              | 11/01/2026 12:24:56.355 | KEY[Bookmark] VALUE[Yes] CHANGE[True]
     DEBUG |  658 | Backend              | 11/01/2026 12:24:56.355 | KEY[Bookmark] VALUE[Yes] COMPILE[True]
     DEBUG |  662 | Backend              | 11/01/2026 12:24:56.355 | KEY[Bookmark] COMPILE[True]
     DEBUG |  644 | Backend              | 11/01/2026 12:24:56.355 | KEY[Category] COMPILE[True]
     DEBUG |  653 | Backend              | 11/01/2026 12:24:56.356 | KEY[Category] VALUE[Post] CHANGE[True]
     DEBUG |  658 | Backend              | 11/01/2026 12:24:56.356 | KEY[Category] VALUE[Post] COMPILE[True]
     DEBUG |  662 | Backend              | 11/01/2026 12:24:56.356 | KEY[Category] COMPILE[True]
     DEBUG |  644 | Backend              | 11/01/2026 12:24:56.356 | KEY[Product] COMPILE[True]
     DEBUG |  653 | Backend              | 11/01/2026 12:24:56.356 | KEY[Product] VALUE[Github Actions] CHANGE[True]
     DEBUG |  658 | Backend              | 11/01/2026 12:24:56.356 | KEY[Product] VALUE[Github Actions] COMPILE[True]
     DEBUG |  653 | Backend              | 11/01/2026 12:24:56.356 | KEY[Product] VALUE[GNOME] CHANGE[True]
     DEBUG |  658 | Backend              | 11/01/2026 12:24:56.356 | KEY[Product] VALUE[GNOME] COMPILE[True]
     DEBUG |  653 | Backend              | 11/01/2026 12:24:56.356 | KEY[Product] VALUE[GTK] CHANGE[True]
     DEBUG |  658 | Backend              | 11/01/2026 12:24:56.356 | KEY[Product] VALUE[GTK] COMPILE[True]
     DEBUG |  653 | Backend              | 11/01/2026 12:24:56.356 | KEY[Product] VALUE[KB4IT] CHANGE[True]
     DEBUG |  658 | Backend              | 11/01/2026 12:24:56.356 | KEY[Product] VALUE[KB4IT] COMPILE[True]
     DEBUG |  653 | Backend              | 11/01/2026 12:24:56.356 | KEY[Product] VALUE[Libadwaita] CHANGE[True]
     DEBUG |  658 | Backend              | 11/01/2026 12:24:56.356 | KEY[Product] VALUE[Libadwaita] COMPILE[True]
     DEBUG |  653 | Backend              | 11/01/2026 12:24:56.356 | KEY[Product] VALUE[Mako] CHANGE[True]
     DEBUG |  658 | Backend              | 11/01/2026 12:24:56.356 | KEY[Product] VALUE[Mako] COMPILE[True]
     DEBUG |  653 | Backend              | 11/01/2026 12:24:56.356 | KEY[Product] VALUE[MiAZ] CHANGE[True]
     DEBUG |  658 | Backend              | 11/01/2026 12:24:56.356 | KEY[Product] VALUE[MiAZ] COMPILE[True]
     DEBUG |  653 | Backend              | 11/01/2026 12:24:56.356 | KEY[Product] VALUE[Pixi] CHANGE[True]
     DEBUG |  658 | Backend              | 11/01/2026 12:24:56.356 | KEY[Product] VALUE[Pixi] COMPILE[True]
     DEBUG |  653 | Backend              | 11/01/2026 12:24:56.356 | KEY[Product] VALUE[PyGObject] CHANGE[True]
     DEBUG |  658 | Backend              | 11/01/2026 12:24:56.356 | KEY[Product] VALUE[PyGObject] COMPILE[True]
     DEBUG |  653 | Backend              | 11/01/2026 12:24:56.356 | KEY[Product] VALUE[Pypi] CHANGE[True]
     DEBUG |  658 | Backend              | 11/01/2026 12:24:56.356 | KEY[Product] VALUE[Pypi] COMPILE[True]
     DEBUG |  653 | Backend              | 11/01/2026 12:24:56.356 | KEY[Product] VALUE[Python] CHANGE[True]
     DEBUG |  658 | Backend              | 11/01/2026 12:24:56.356 | KEY[Product] VALUE[Python] COMPILE[True]
     DEBUG |  662 | Backend              | 11/01/2026 12:24:56.356 | KEY[Product] COMPILE[True]
     DEBUG |  644 | Backend              | 11/01/2026 12:24:56.356 | KEY[Programming Language] COMPILE[True]
     DEBUG |  653 | Backend              | 11/01/2026 12:24:56.356 | KEY[Programming Language] VALUE[Python] CHANGE[True]
     DEBUG |  658 | Backend              | 11/01/2026 12:24:56.356 | KEY[Programming Language] VALUE[Python] COMPILE[True]
     DEBUG |  662 | Backend              | 11/01/2026 12:24:56.356 | KEY[Programming Language] COMPILE[True]
     DEBUG |  644 | Backend              | 11/01/2026 12:24:56.356 | KEY[Tag] COMPILE[True]
     DEBUG |  653 | Backend              | 11/01/2026 12:24:56.356 | KEY[Tag] VALUE[api] CHANGE[True]
     DEBUG |  658 | Backend              | 11/01/2026 12:24:56.356 | KEY[Tag] VALUE[api] COMPILE[True]
     DEBUG |  653 | Backend              | 11/01/2026 12:24:56.356 | KEY[Tag] VALUE[build] CHANGE[True]
     DEBUG |  658 | Backend              | 11/01/2026 12:24:56.356 | KEY[Tag] VALUE[build] COMPILE[True]
     DEBUG |  653 | Backend              | 11/01/2026 12:24:56.357 | KEY[Tag] VALUE[cache] CHANGE[True]
     DEBUG |  658 | Backend              | 11/01/2026 12:24:56.357 | KEY[Tag] VALUE[cache] COMPILE[True]
     DEBUG |  653 | Backend              | 11/01/2026 12:24:56.357 | KEY[Tag] VALUE[compiling] CHANGE[True]
     DEBUG |  658 | Backend              | 11/01/2026 12:24:56.357 | KEY[Tag] VALUE[compiling] COMPILE[True]
     DEBUG |  653 | Backend              | 11/01/2026 12:24:56.357 | KEY[Tag] VALUE[dependency] CHANGE[True]
     DEBUG |  658 | Backend              | 11/01/2026 12:24:56.357 | KEY[Tag] VALUE[dependency] COMPILE[True]
     DEBUG |  653 | Backend              | 11/01/2026 12:24:56.357 | KEY[Tag] VALUE[documentation] CHANGE[True]
     DEBUG |  658 | Backend              | 11/01/2026 12:24:56.357 | KEY[Tag] VALUE[documentation] COMPILE[True]
     DEBUG |  653 | Backend              | 11/01/2026 12:24:56.357 | KEY[Tag] VALUE[environment] CHANGE[True]
     DEBUG |  658 | Backend              | 11/01/2026 12:24:56.357 | KEY[Tag] VALUE[environment] COMPILE[True]
     DEBUG |  653 | Backend              | 11/01/2026 12:24:56.357 | KEY[Tag] VALUE[filehandler] CHANGE[True]
     DEBUG |  658 | Backend              | 11/01/2026 12:24:56.357 | KEY[Tag] VALUE[filehandler] COMPILE[True]
     DEBUG |  653 | Backend              | 11/01/2026 12:24:56.357 | KEY[Tag] VALUE[incremental] CHANGE[True]
     DEBUG |  658 | Backend              | 11/01/2026 12:24:56.357 | KEY[Tag] VALUE[incremental] COMPILE[True]
     DEBUG |  653 | Backend              | 11/01/2026 12:24:56.357 | KEY[Tag] VALUE[index] CHANGE[True]
     DEBUG |  658 | Backend              | 11/01/2026 12:24:56.357 | KEY[Tag] VALUE[index] COMPILE[True]
     DEBUG |  653 | Backend              | 11/01/2026 12:24:56.357 | KEY[Tag] VALUE[logging] CHANGE[True]
     DEBUG |  658 | Backend              | 11/01/2026 12:24:56.357 | KEY[Tag] VALUE[logging] COMPILE[True]
     DEBUG |  653 | Backend              | 11/01/2026 12:24:56.357 | KEY[Tag] VALUE[page] CHANGE[True]
     DEBUG |  658 | Backend              | 11/01/2026 12:24:56.357 | KEY[Tag] VALUE[page] COMPILE[True]
     DEBUG |  653 | Backend              | 11/01/2026 12:24:56.357 | KEY[Tag] VALUE[project] CHANGE[True]
     DEBUG |  658 | Backend              | 11/01/2026 12:24:56.357 | KEY[Tag] VALUE[project] COMPILE[True]
     DEBUG |  653 | Backend              | 11/01/2026 12:24:56.357 | KEY[Tag] VALUE[redirect] CHANGE[True]
     DEBUG |  658 | Backend              | 11/01/2026 12:24:56.357 | KEY[Tag] VALUE[redirect] COMPILE[True]
     DEBUG |  653 | Backend              | 11/01/2026 12:24:56.357 | KEY[Tag] VALUE[template] CHANGE[True]
     DEBUG |  658 | Backend              | 11/01/2026 12:24:56.357 | KEY[Tag] VALUE[template] COMPILE[True]
     DEBUG |  653 | Backend              | 11/01/2026 12:24:56.357 | KEY[Tag] VALUE[vm] CHANGE[True]
     DEBUG |  658 | Backend              | 11/01/2026 12:24:56.357 | KEY[Tag] VALUE[vm] COMPILE[True]
     DEBUG |  653 | Backend              | 11/01/2026 12:24:56.357 | KEY[Tag] VALUE[workflow] CHANGE[True]
     DEBUG |  658 | Backend              | 11/01/2026 12:24:56.357 | KEY[Tag] VALUE[workflow] COMPILE[True]
     DEBUG |  662 | Backend              | 11/01/2026 12:24:56.357 | KEY[Tag] COMPILE[True]
     DEBUG |  644 | Backend              | 11/01/2026 12:24:56.358 | KEY[Topic] COMPILE[True]
     DEBUG |  653 | Backend              | 11/01/2026 12:24:56.358 | KEY[Topic] VALUE[Automation] CHANGE[True]
     DEBUG |  658 | Backend              | 11/01/2026 12:24:56.358 | KEY[Topic] VALUE[Automation] COMPILE[True]
     DEBUG |  653 | Backend              | 11/01/2026 12:24:56.358 | KEY[Topic] VALUE[Development] CHANGE[True]
     DEBUG |  658 | Backend              | 11/01/2026 12:24:56.358 | KEY[Topic] VALUE[Development] COMPILE[True]
     DEBUG |  653 | Backend              | 11/01/2026 12:24:56.358 | KEY[Topic] VALUE[Documentation] CHANGE[True]
     DEBUG |  658 | Backend              | 11/01/2026 12:24:56.358 | KEY[Topic] VALUE[Documentation] COMPILE[True]
     DEBUG |  653 | Backend              | 11/01/2026 12:24:56.358 | KEY[Topic] VALUE[Package management] CHANGE[True]
     DEBUG |  658 | Backend              | 11/01/2026 12:24:56.358 | KEY[Topic] VALUE[Package management] COMPILE[True]
     DEBUG |  662 | Backend              | 11/01/2026 12:24:56.358 | KEY[Topic] COMPILE[True]
     DEBUG |  272 | Database             | 11/01/2026 12:24:56.364 | KEY[Author] VALUE[Tomás Vírseda]: search returned 5 documents
     DEBUG |  222 | Backend              | 11/01/2026 12:24:56.365 | DOC[Author.adoc] targets to RESOURCE[Author.html]
     DEBUG |   70 | Database             | 11/01/2026 12:24:56.365 | DOC[Author.adoc] added to database
     DEBUG |   81 | Database             | 11/01/2026 12:24:56.365 | DOC[Author.adoc] KEY[Title] VALUE[Author] added
     DEBUG |   81 | Database             | 11/01/2026 12:24:56.365 | DOC[Author.adoc] KEY[SystemPage] VALUE[Yes] added
     DEBUG |  222 | Backend              | 11/01/2026 12:24:56.365 | DOC[Author.adoc] targets to RESOURCE[Author.html]
     DEBUG |  272 | Database             | 11/01/2026 12:24:56.365 | KEY[Bookmark] VALUE[Yes]: search returned 1 documents
     DEBUG |  222 | Backend              | 11/01/2026 12:24:56.365 | DOC[Bookmark.adoc] targets to RESOURCE[Bookmark.html]
     DEBUG |   70 | Database             | 11/01/2026 12:24:56.365 | DOC[Bookmark.adoc] added to database
     DEBUG |   81 | Database             | 11/01/2026 12:24:56.365 | DOC[Bookmark.adoc] KEY[Title] VALUE[Bookmark] added
     DEBUG |   81 | Database             | 11/01/2026 12:24:56.365 | DOC[Bookmark.adoc] KEY[SystemPage] VALUE[Yes] added
     DEBUG |  222 | Backend              | 11/01/2026 12:24:56.365 | DOC[Bookmark.adoc] targets to RESOURCE[Bookmark.html]
     DEBUG |  272 | Database             | 11/01/2026 12:24:56.366 | KEY[Category] VALUE[Post]: search returned 5 documents
     DEBUG |  222 | Backend              | 11/01/2026 12:24:56.366 | DOC[Category.adoc] targets to RESOURCE[Category.html]
     DEBUG |   70 | Database             | 11/01/2026 12:24:56.366 | DOC[Category.adoc] added to database
     DEBUG |   81 | Database             | 11/01/2026 12:24:56.366 | DOC[Category.adoc] KEY[Title] VALUE[Category] added
     DEBUG |   81 | Database             | 11/01/2026 12:24:56.366 | DOC[Category.adoc] KEY[SystemPage] VALUE[Yes] added
     DEBUG |  222 | Backend              | 11/01/2026 12:24:56.366 | DOC[Category.adoc] targets to RESOURCE[Category.html]
     DEBUG |  272 | Database             | 11/01/2026 12:24:56.366 | KEY[Product] VALUE[Github Actions]: search returned 1 documents
     DEBUG |  272 | Database             | 11/01/2026 12:24:56.366 | KEY[Product] VALUE[GNOME]: search returned 1 documents
     DEBUG |  272 | Database             | 11/01/2026 12:24:56.366 | KEY[Product] VALUE[GTK]: search returned 1 documents
     DEBUG |  272 | Database             | 11/01/2026 12:24:56.367 | KEY[Product] VALUE[KB4IT]: search returned 4 documents
     DEBUG |  272 | Database             | 11/01/2026 12:24:56.367 | KEY[Product] VALUE[Libadwaita]: search returned 1 documents
     DEBUG |  272 | Database             | 11/01/2026 12:24:56.367 | KEY[Product] VALUE[Mako]: search returned 1 documents
     DEBUG |  272 | Database             | 11/01/2026 12:24:56.367 | KEY[Product] VALUE[MiAZ]: search returned 1 documents
     DEBUG |  272 | Database             | 11/01/2026 12:24:56.367 | KEY[Product] VALUE[Pixi]: search returned 1 documents
     DEBUG |  272 | Database             | 11/01/2026 12:24:56.367 | KEY[Product] VALUE[PyGObject]: search returned 1 documents
     DEBUG |  272 | Database             | 11/01/2026 12:24:56.367 | KEY[Product] VALUE[Pypi]: search returned 1 documents
     DEBUG |  272 | Database             | 11/01/2026 12:24:56.367 | KEY[Product] VALUE[Python]: search returned 1 documents
     DEBUG |  222 | Backend              | 11/01/2026 12:24:56.367 | DOC[Product.adoc] targets to RESOURCE[Product.html]
     DEBUG |   70 | Database             | 11/01/2026 12:24:56.367 | DOC[Product.adoc] added to database
     DEBUG |   81 | Database             | 11/01/2026 12:24:56.367 | DOC[Product.adoc] KEY[Title] VALUE[Product] added
     DEBUG |   81 | Database             | 11/01/2026 12:24:56.367 | DOC[Product.adoc] KEY[SystemPage] VALUE[Yes] added
     DEBUG |  222 | Backend              | 11/01/2026 12:24:56.367 | DOC[Product.adoc] targets to RESOURCE[Product.html]
     DEBUG |  272 | Database             | 11/01/2026 12:24:56.368 | KEY[Programming Language] VALUE[Python]: search returned 2 documents
     DEBUG |  222 | Backend              | 11/01/2026 12:24:56.368 | DOC[Programming_Language.adoc] targets to RESOURCE[Programming_Language.html]
     DEBUG |   70 | Database             | 11/01/2026 12:24:56.368 | DOC[Programming_Language.adoc] added to database
     DEBUG |   81 | Database             | 11/01/2026 12:24:56.368 | DOC[Programming_Language.adoc] KEY[Title] VALUE[Programming Language] added
     DEBUG |   81 | Database             | 11/01/2026 12:24:56.368 | DOC[Programming_Language.adoc] KEY[SystemPage] VALUE[Yes] added
     DEBUG |  222 | Backend              | 11/01/2026 12:24:56.368 | DOC[Programming_Language.adoc] targets to RESOURCE[Programming_Language.html]
     DEBUG |  272 | Database             | 11/01/2026 12:24:56.368 | KEY[Tag] VALUE[api]: search returned 1 documents
     DEBUG |  272 | Database             | 11/01/2026 12:24:56.368 | KEY[Tag] VALUE[build]: search returned 1 documents
     DEBUG |  272 | Database             | 11/01/2026 12:24:56.368 | KEY[Tag] VALUE[cache]: search returned 1 documents
     DEBUG |  272 | Database             | 11/01/2026 12:24:56.369 | KEY[Tag] VALUE[compiling]: search returned 1 documents
     DEBUG |  272 | Database             | 11/01/2026 12:24:56.369 | KEY[Tag] VALUE[dependency]: search returned 1 documents
     DEBUG |  272 | Database             | 11/01/2026 12:24:56.369 | KEY[Tag] VALUE[documentation]: search returned 1 documents
     DEBUG |  272 | Database             | 11/01/2026 12:24:56.369 | KEY[Tag] VALUE[environment]: search returned 1 documents
     DEBUG |  272 | Database             | 11/01/2026 12:24:56.369 | KEY[Tag] VALUE[filehandler]: search returned 1 documents
     DEBUG |  272 | Database             | 11/01/2026 12:24:56.369 | KEY[Tag] VALUE[incremental]: search returned 1 documents
     DEBUG |  272 | Database             | 11/01/2026 12:24:56.369 | KEY[Tag] VALUE[index]: search returned 1 documents
     DEBUG |  272 | Database             | 11/01/2026 12:24:56.369 | KEY[Tag] VALUE[logging]: search returned 1 documents
     DEBUG |  272 | Database             | 11/01/2026 12:24:56.369 | KEY[Tag] VALUE[page]: search returned 1 documents
     DEBUG |  272 | Database             | 11/01/2026 12:24:56.369 | KEY[Tag] VALUE[project]: search returned 1 documents
     DEBUG |  272 | Database             | 11/01/2026 12:24:56.369 | KEY[Tag] VALUE[redirect]: search returned 1 documents
     DEBUG |  272 | Database             | 11/01/2026 12:24:56.369 | KEY[Tag] VALUE[template]: search returned 1 documents
     DEBUG |  272 | Database             | 11/01/2026 12:24:56.369 | KEY[Tag] VALUE[vm]: search returned 1 documents
     DEBUG |  272 | Database             | 11/01/2026 12:24:56.369 | KEY[Tag] VALUE[workflow]: search returned 1 documents
     DEBUG |  222 | Backend              | 11/01/2026 12:24:56.370 | DOC[Tag.adoc] targets to RESOURCE[Tag.html]
     DEBUG |   70 | Database             | 11/01/2026 12:24:56.370 | DOC[Tag.adoc] added to database
     DEBUG |   81 | Database             | 11/01/2026 12:24:56.370 | DOC[Tag.adoc] KEY[Title] VALUE[Tag] added
     DEBUG |   81 | Database             | 11/01/2026 12:24:56.370 | DOC[Tag.adoc] KEY[SystemPage] VALUE[Yes] added
     DEBUG |  222 | Backend              | 11/01/2026 12:24:56.370 | DOC[Tag.adoc] targets to RESOURCE[Tag.html]
     DEBUG |  272 | Database             | 11/01/2026 12:24:56.370 | KEY[Topic] VALUE[Automation]: search returned 1 documents
     DEBUG |  272 | Database             | 11/01/2026 12:24:56.370 | KEY[Topic] VALUE[Development]: search returned 4 documents
     DEBUG |  272 | Database             | 11/01/2026 12:24:56.370 | KEY[Topic] VALUE[Documentation]: search returned 1 documents
     DEBUG |  272 | Database             | 11/01/2026 12:24:56.370 | KEY[Topic] VALUE[Package management]: search returned 1 documents
     DEBUG |  222 | Backend              | 11/01/2026 12:24:56.370 | DOC[Topic.adoc] targets to RESOURCE[Topic.html]
     DEBUG |   70 | Database             | 11/01/2026 12:24:56.371 | DOC[Topic.adoc] added to database
     DEBUG |   81 | Database             | 11/01/2026 12:24:56.371 | DOC[Topic.adoc] KEY[Title] VALUE[Topic] added
     DEBUG |   81 | Database             | 11/01/2026 12:24:56.371 | DOC[Topic.adoc] KEY[SystemPage] VALUE[Yes] added
     DEBUG |  222 | Backend              | 11/01/2026 12:24:56.371 | DOC[Topic.adoc] targets to RESOURCE[Topic.html]
     DEBUG |  222 | Backend              | 11/01/2026 12:24:56.376 | DOC[Author_Tomás_Vírseda.adoc] targets to RESOURCE[Author_Tomás_Vírseda.html]
     DEBUG |   70 | Database             | 11/01/2026 12:24:56.376 | DOC[Author_Tomás_Vírseda.adoc] added to database
     DEBUG |   81 | Database             | 11/01/2026 12:24:56.376 | DOC[Author_Tomás_Vírseda.adoc] KEY[Title] VALUE[Author: Tomás Vírseda] added
     DEBUG |   81 | Database             | 11/01/2026 12:24:56.376 | DOC[Author_Tomás_Vírseda.adoc] KEY[SystemPage] VALUE[Yes] added
     DEBUG |  776 | Theme                | 11/01/2026 12:24:56.376 | KEY[Author] VALUE[Tomás Vírseda] targets to RESOURCE[Author_Tomás_Vírseda]
     DEBUG |  222 | Backend              | 11/01/2026 12:24:56.376 | DOC[Author_Tomás_Vírseda.adoc] targets to RESOURCE[Author_Tomás_Vírseda.html]
     DEBUG |  222 | Backend              | 11/01/2026 12:24:56.376 | DOC[Bookmark_Yes.adoc] targets to RESOURCE[Bookmark_Yes.html]
     DEBUG |   70 | Database             | 11/01/2026 12:24:56.376 | DOC[Bookmark_Yes.adoc] added to database
     DEBUG |   81 | Database             | 11/01/2026 12:24:56.377 | DOC[Bookmark_Yes.adoc] KEY[Title] VALUE[Bookmark: Yes] added
     DEBUG |   81 | Database             | 11/01/2026 12:24:56.377 | DOC[Bookmark_Yes.adoc] KEY[SystemPage] VALUE[Yes] added
     DEBUG |  776 | Theme                | 11/01/2026 12:24:56.377 | KEY[Bookmark] VALUE[Yes] targets to RESOURCE[Bookmark_Yes]
     DEBUG |  222 | Backend              | 11/01/2026 12:24:56.377 | DOC[Bookmark_Yes.adoc] targets to RESOURCE[Bookmark_Yes.html]
     DEBUG |  222 | Backend              | 11/01/2026 12:24:56.377 | DOC[Category_Post.adoc] targets to RESOURCE[Category_Post.html]
     DEBUG |   70 | Database             | 11/01/2026 12:24:56.377 | DOC[Category_Post.adoc] added to database
     DEBUG |   81 | Database             | 11/01/2026 12:24:56.377 | DOC[Category_Post.adoc] KEY[Title] VALUE[Category: Post] added
     DEBUG |   81 | Database             | 11/01/2026 12:24:56.377 | DOC[Category_Post.adoc] KEY[SystemPage] VALUE[Yes] added
     DEBUG |  776 | Theme                | 11/01/2026 12:24:56.378 | KEY[Category] VALUE[Post] targets to RESOURCE[Category_Post]
     DEBUG |  222 | Backend              | 11/01/2026 12:24:56.378 | DOC[Category_Post.adoc] targets to RESOURCE[Category_Post.html]
     DEBUG |  222 | Backend              | 11/01/2026 12:24:56.378 | DOC[Product_Github_Actions.adoc] targets to RESOURCE[Product_Github_Actions.html]
     DEBUG |   70 | Database             | 11/01/2026 12:24:56.378 | DOC[Product_Github_Actions.adoc] added to database
     DEBUG |   81 | Database             | 11/01/2026 12:24:56.378 | DOC[Product_Github_Actions.adoc] KEY[Title] VALUE[Product: Github Actions] added
     DEBUG |   81 | Database             | 11/01/2026 12:24:56.378 | DOC[Product_Github_Actions.adoc] KEY[SystemPage] VALUE[Yes] added
     DEBUG |  776 | Theme                | 11/01/2026 12:24:56.378 | KEY[Product] VALUE[Github Actions] targets to RESOURCE[Product_Github_Actions]
     DEBUG |  222 | Backend              | 11/01/2026 12:24:56.378 | DOC[Product_Github_Actions.adoc] targets to RESOURCE[Product_Github_Actions.html]
     DEBUG |  222 | Backend              | 11/01/2026 12:24:56.379 | DOC[Product_GNOME.adoc] targets to RESOURCE[Product_GNOME.html]
     DEBUG |   70 | Database             | 11/01/2026 12:24:56.379 | DOC[Product_GNOME.adoc] added to database
     DEBUG |   81 | Database             | 11/01/2026 12:24:56.379 | DOC[Product_GNOME.adoc] KEY[Title] VALUE[Product: GNOME] added
     DEBUG |   81 | Database             | 11/01/2026 12:24:56.379 | DOC[Product_GNOME.adoc] KEY[SystemPage] VALUE[Yes] added
     DEBUG |  776 | Theme                | 11/01/2026 12:24:56.379 | KEY[Product] VALUE[GNOME] targets to RESOURCE[Product_GNOME]
     DEBUG |  222 | Backend              | 11/01/2026 12:24:56.379 | DOC[Product_GNOME.adoc] targets to RESOURCE[Product_GNOME.html]
     DEBUG |  222 | Backend              | 11/01/2026 12:24:56.379 | DOC[Product_GTK.adoc] targets to RESOURCE[Product_GTK.html]
     DEBUG |   70 | Database             | 11/01/2026 12:24:56.379 | DOC[Product_GTK.adoc] added to database
     DEBUG |   81 | Database             | 11/01/2026 12:24:56.379 | DOC[Product_GTK.adoc] KEY[Title] VALUE[Product: GTK] added
     DEBUG |   81 | Database             | 11/01/2026 12:24:56.379 | DOC[Product_GTK.adoc] KEY[SystemPage] VALUE[Yes] added
     DEBUG |  776 | Theme                | 11/01/2026 12:24:56.379 | KEY[Product] VALUE[GTK] targets to RESOURCE[Product_GTK]
     DEBUG |  222 | Backend              | 11/01/2026 12:24:56.379 | DOC[Product_GTK.adoc] targets to RESOURCE[Product_GTK.html]
     DEBUG |  222 | Backend              | 11/01/2026 12:24:56.380 | DOC[Product_KB4IT.adoc] targets to RESOURCE[Product_KB4IT.html]
     DEBUG |   70 | Database             | 11/01/2026 12:24:56.380 | DOC[Product_KB4IT.adoc] added to database
     DEBUG |   81 | Database             | 11/01/2026 12:24:56.380 | DOC[Product_KB4IT.adoc] KEY[Title] VALUE[Product: KB4IT] added
     DEBUG |   81 | Database             | 11/01/2026 12:24:56.380 | DOC[Product_KB4IT.adoc] KEY[SystemPage] VALUE[Yes] added
     DEBUG |  776 | Theme                | 11/01/2026 12:24:56.380 | KEY[Product] VALUE[KB4IT] targets to RESOURCE[Product_KB4IT]
     DEBUG |  222 | Backend              | 11/01/2026 12:24:56.380 | DOC[Product_KB4IT.adoc] targets to RESOURCE[Product_KB4IT.html]
     DEBUG |  222 | Backend              | 11/01/2026 12:24:56.381 | DOC[Product_Libadwaita.adoc] targets to RESOURCE[Product_Libadwaita.html]
     DEBUG |   70 | Database             | 11/01/2026 12:24:56.381 | DOC[Product_Libadwaita.adoc] added to database
     DEBUG |   81 | Database             | 11/01/2026 12:24:56.381 | DOC[Product_Libadwaita.adoc] KEY[Title] VALUE[Product: Libadwaita] added
     DEBUG |   81 | Database             | 11/01/2026 12:24:56.381 | DOC[Product_Libadwaita.adoc] KEY[SystemPage] VALUE[Yes] added
     DEBUG |  776 | Theme                | 11/01/2026 12:24:56.381 | KEY[Product] VALUE[Libadwaita] targets to RESOURCE[Product_Libadwaita]
     DEBUG |  222 | Backend              | 11/01/2026 12:24:56.381 | DOC[Product_Libadwaita.adoc] targets to RESOURCE[Product_Libadwaita.html]
     DEBUG |  222 | Backend              | 11/01/2026 12:24:56.381 | DOC[Product_Mako.adoc] targets to RESOURCE[Product_Mako.html]
     DEBUG |   70 | Database             | 11/01/2026 12:24:56.381 | DOC[Product_Mako.adoc] added to database
     DEBUG |   81 | Database             | 11/01/2026 12:24:56.381 | DOC[Product_Mako.adoc] KEY[Title] VALUE[Product: Mako] added
     DEBUG |   81 | Database             | 11/01/2026 12:24:56.381 | DOC[Product_Mako.adoc] KEY[SystemPage] VALUE[Yes] added
     DEBUG |  776 | Theme                | 11/01/2026 12:24:56.381 | KEY[Product] VALUE[Mako] targets to RESOURCE[Product_Mako]
     DEBUG |  222 | Backend              | 11/01/2026 12:24:56.381 | DOC[Product_Mako.adoc] targets to RESOURCE[Product_Mako.html]
     DEBUG |  222 | Backend              | 11/01/2026 12:24:56.382 | DOC[Product_MiAZ.adoc] targets to RESOURCE[Product_MiAZ.html]
     DEBUG |   70 | Database             | 11/01/2026 12:24:56.382 | DOC[Product_MiAZ.adoc] added to database
     DEBUG |   81 | Database             | 11/01/2026 12:24:56.382 | DOC[Product_MiAZ.adoc] KEY[Title] VALUE[Product: MiAZ] added
     DEBUG |   81 | Database             | 11/01/2026 12:24:56.382 | DOC[Product_MiAZ.adoc] KEY[SystemPage] VALUE[Yes] added
     DEBUG |  776 | Theme                | 11/01/2026 12:24:56.382 | KEY[Product] VALUE[MiAZ] targets to RESOURCE[Product_MiAZ]
     DEBUG |  222 | Backend              | 11/01/2026 12:24:56.382 | DOC[Product_MiAZ.adoc] targets to RESOURCE[Product_MiAZ.html]
     DEBUG |  222 | Backend              | 11/01/2026 12:24:56.382 | DOC[Product_Pixi.adoc] targets to RESOURCE[Product_Pixi.html]
     DEBUG |   70 | Database             | 11/01/2026 12:24:56.382 | DOC[Product_Pixi.adoc] added to database
     DEBUG |   81 | Database             | 11/01/2026 12:24:56.383 | DOC[Product_Pixi.adoc] KEY[Title] VALUE[Product: Pixi] added
     DEBUG |   81 | Database             | 11/01/2026 12:24:56.383 | DOC[Product_Pixi.adoc] KEY[SystemPage] VALUE[Yes] added
     DEBUG |  776 | Theme                | 11/01/2026 12:24:56.383 | KEY[Product] VALUE[Pixi] targets to RESOURCE[Product_Pixi]
     DEBUG |  222 | Backend              | 11/01/2026 12:24:56.383 | DOC[Product_Pixi.adoc] targets to RESOURCE[Product_Pixi.html]
     DEBUG |  222 | Backend              | 11/01/2026 12:24:56.383 | DOC[Product_PyGObject.adoc] targets to RESOURCE[Product_PyGObject.html]
     DEBUG |   70 | Database             | 11/01/2026 12:24:56.383 | DOC[Product_PyGObject.adoc] added to database
     DEBUG |   81 | Database             | 11/01/2026 12:24:56.383 | DOC[Product_PyGObject.adoc] KEY[Title] VALUE[Product: PyGObject] added
     DEBUG |   81 | Database             | 11/01/2026 12:24:56.383 | DOC[Product_PyGObject.adoc] KEY[SystemPage] VALUE[Yes] added
     DEBUG |  776 | Theme                | 11/01/2026 12:24:56.383 | KEY[Product] VALUE[PyGObject] targets to RESOURCE[Product_PyGObject]
     DEBUG |  222 | Backend              | 11/01/2026 12:24:56.383 | DOC[Product_PyGObject.adoc] targets to RESOURCE[Product_PyGObject.html]
     DEBUG |  222 | Backend              | 11/01/2026 12:24:56.384 | DOC[Product_Pypi.adoc] targets to RESOURCE[Product_Pypi.html]
     DEBUG |   70 | Database             | 11/01/2026 12:24:56.384 | DOC[Product_Pypi.adoc] added to database
     DEBUG |   81 | Database             | 11/01/2026 12:24:56.384 | DOC[Product_Pypi.adoc] KEY[Title] VALUE[Product: Pypi] added
     DEBUG |   81 | Database             | 11/01/2026 12:24:56.384 | DOC[Product_Pypi.adoc] KEY[SystemPage] VALUE[Yes] added
     DEBUG |  776 | Theme                | 11/01/2026 12:24:56.384 | KEY[Product] VALUE[Pypi] targets to RESOURCE[Product_Pypi]
     DEBUG |  222 | Backend              | 11/01/2026 12:24:56.384 | DOC[Product_Pypi.adoc] targets to RESOURCE[Product_Pypi.html]
     DEBUG |  222 | Backend              | 11/01/2026 12:24:56.384 | DOC[Product_Python.adoc] targets to RESOURCE[Product_Python.html]
     DEBUG |   70 | Database             | 11/01/2026 12:24:56.384 | DOC[Product_Python.adoc] added to database
     DEBUG |   81 | Database             | 11/01/2026 12:24:56.384 | DOC[Product_Python.adoc] KEY[Title] VALUE[Product: Python] added
     DEBUG |   81 | Database             | 11/01/2026 12:24:56.384 | DOC[Product_Python.adoc] KEY[SystemPage] VALUE[Yes] added
     DEBUG |  776 | Theme                | 11/01/2026 12:24:56.384 | KEY[Product] VALUE[Python] targets to RESOURCE[Product_Python]
     DEBUG |  222 | Backend              | 11/01/2026 12:24:56.384 | DOC[Product_Python.adoc] targets to RESOURCE[Product_Python.html]
     DEBUG |  222 | Backend              | 11/01/2026 12:24:56.385 | DOC[Programming_Language_Python.adoc] targets to RESOURCE[Programming_Language_Python.html]
     DEBUG |   70 | Database             | 11/01/2026 12:24:56.385 | DOC[Programming_Language_Python.adoc] added to database
     DEBUG |   81 | Database             | 11/01/2026 12:24:56.385 | DOC[Programming_Language_Python.adoc] KEY[Title] VALUE[Programming Language: Python] added
     DEBUG |   81 | Database             | 11/01/2026 12:24:56.385 | DOC[Programming_Language_Python.adoc] KEY[SystemPage] VALUE[Yes] added
     DEBUG |  776 | Theme                | 11/01/2026 12:24:56.385 | KEY[Programming Language] VALUE[Python] targets to RESOURCE[Programming_Language_Python]
     DEBUG |  222 | Backend              | 11/01/2026 12:24:56.385 | DOC[Programming_Language_Python.adoc] targets to RESOURCE[Programming_Language_Python.html]
     DEBUG |  222 | Backend              | 11/01/2026 12:24:56.385 | DOC[Tag_api.adoc] targets to RESOURCE[Tag_api.html]
     DEBUG |   70 | Database             | 11/01/2026 12:24:56.385 | DOC[Tag_api.adoc] added to database
     DEBUG |   81 | Database             | 11/01/2026 12:24:56.385 | DOC[Tag_api.adoc] KEY[Title] VALUE[Tag: api] added
     DEBUG |   81 | Database             | 11/01/2026 12:24:56.386 | DOC[Tag_api.adoc] KEY[SystemPage] VALUE[Yes] added
     DEBUG |  776 | Theme                | 11/01/2026 12:24:56.386 | KEY[Tag] VALUE[api] targets to RESOURCE[Tag_api]
     DEBUG |  222 | Backend              | 11/01/2026 12:24:56.386 | DOC[Tag_api.adoc] targets to RESOURCE[Tag_api.html]
     DEBUG |  222 | Backend              | 11/01/2026 12:24:56.386 | DOC[Tag_build.adoc] targets to RESOURCE[Tag_build.html]
     DEBUG |   70 | Database             | 11/01/2026 12:24:56.386 | DOC[Tag_build.adoc] added to database
     DEBUG |   81 | Database             | 11/01/2026 12:24:56.386 | DOC[Tag_build.adoc] KEY[Title] VALUE[Tag: build] added
     DEBUG |   81 | Database             | 11/01/2026 12:24:56.386 | DOC[Tag_build.adoc] KEY[SystemPage] VALUE[Yes] added
     DEBUG |  776 | Theme                | 11/01/2026 12:24:56.386 | KEY[Tag] VALUE[build] targets to RESOURCE[Tag_build]
     DEBUG |  222 | Backend              | 11/01/2026 12:24:56.386 | DOC[Tag_build.adoc] targets to RESOURCE[Tag_build.html]
     DEBUG |  222 | Backend              | 11/01/2026 12:24:56.387 | DOC[Tag_cache.adoc] targets to RESOURCE[Tag_cache.html]
     DEBUG |   70 | Database             | 11/01/2026 12:24:56.387 | DOC[Tag_cache.adoc] added to database
     DEBUG |   81 | Database             | 11/01/2026 12:24:56.387 | DOC[Tag_cache.adoc] KEY[Title] VALUE[Tag: cache] added
     DEBUG |   81 | Database             | 11/01/2026 12:24:56.387 | DOC[Tag_cache.adoc] KEY[SystemPage] VALUE[Yes] added
     DEBUG |  776 | Theme                | 11/01/2026 12:24:56.387 | KEY[Tag] VALUE[cache] targets to RESOURCE[Tag_cache]
     DEBUG |  222 | Backend              | 11/01/2026 12:24:56.387 | DOC[Tag_cache.adoc] targets to RESOURCE[Tag_cache.html]
     DEBUG |  222 | Backend              | 11/01/2026 12:24:56.387 | DOC[Tag_compiling.adoc] targets to RESOURCE[Tag_compiling.html]
     DEBUG |   70 | Database             | 11/01/2026 12:24:56.387 | DOC[Tag_compiling.adoc] added to database
     DEBUG |   81 | Database             | 11/01/2026 12:24:56.387 | DOC[Tag_compiling.adoc] KEY[Title] VALUE[Tag: compiling] added
     DEBUG |   81 | Database             | 11/01/2026 12:24:56.387 | DOC[Tag_compiling.adoc] KEY[SystemPage] VALUE[Yes] added
     DEBUG |  776 | Theme                | 11/01/2026 12:24:56.387 | KEY[Tag] VALUE[compiling] targets to RESOURCE[Tag_compiling]
     DEBUG |  222 | Backend              | 11/01/2026 12:24:56.387 | DOC[Tag_compiling.adoc] targets to RESOURCE[Tag_compiling.html]
     DEBUG |  222 | Backend              | 11/01/2026 12:24:56.388 | DOC[Tag_dependency.adoc] targets to RESOURCE[Tag_dependency.html]
     DEBUG |   70 | Database             | 11/01/2026 12:24:56.388 | DOC[Tag_dependency.adoc] added to database
     DEBUG |   81 | Database             | 11/01/2026 12:24:56.388 | DOC[Tag_dependency.adoc] KEY[Title] VALUE[Tag: dependency] added
     DEBUG |   81 | Database             | 11/01/2026 12:24:56.388 | DOC[Tag_dependency.adoc] KEY[SystemPage] VALUE[Yes] added
     DEBUG |  776 | Theme                | 11/01/2026 12:24:56.388 | KEY[Tag] VALUE[dependency] targets to RESOURCE[Tag_dependency]
     DEBUG |  222 | Backend              | 11/01/2026 12:24:56.388 | DOC[Tag_dependency.adoc] targets to RESOURCE[Tag_dependency.html]
     DEBUG |  222 | Backend              | 11/01/2026 12:24:56.388 | DOC[Tag_documentation.adoc] targets to RESOURCE[Tag_documentation.html]
     DEBUG |   70 | Database             | 11/01/2026 12:24:56.388 | DOC[Tag_documentation.adoc] added to database
     DEBUG |   81 | Database             | 11/01/2026 12:24:56.388 | DOC[Tag_documentation.adoc] KEY[Title] VALUE[Tag: documentation] added
     DEBUG |   81 | Database             | 11/01/2026 12:24:56.388 | DOC[Tag_documentation.adoc] KEY[SystemPage] VALUE[Yes] added
     DEBUG |  776 | Theme                | 11/01/2026 12:24:56.388 | KEY[Tag] VALUE[documentation] targets to RESOURCE[Tag_documentation]
     DEBUG |  222 | Backend              | 11/01/2026 12:24:56.389 | DOC[Tag_documentation.adoc] targets to RESOURCE[Tag_documentation.html]
     DEBUG |  222 | Backend              | 11/01/2026 12:24:56.389 | DOC[Tag_environment.adoc] targets to RESOURCE[Tag_environment.html]
     DEBUG |   70 | Database             | 11/01/2026 12:24:56.389 | DOC[Tag_environment.adoc] added to database
     DEBUG |   81 | Database             | 11/01/2026 12:24:56.389 | DOC[Tag_environment.adoc] KEY[Title] VALUE[Tag: environment] added
     DEBUG |   81 | Database             | 11/01/2026 12:24:56.389 | DOC[Tag_environment.adoc] KEY[SystemPage] VALUE[Yes] added
     DEBUG |  776 | Theme                | 11/01/2026 12:24:56.389 | KEY[Tag] VALUE[environment] targets to RESOURCE[Tag_environment]
     DEBUG |  222 | Backend              | 11/01/2026 12:24:56.389 | DOC[Tag_environment.adoc] targets to RESOURCE[Tag_environment.html]
     DEBUG |  222 | Backend              | 11/01/2026 12:24:56.389 | DOC[Tag_filehandler.adoc] targets to RESOURCE[Tag_filehandler.html]
     DEBUG |   70 | Database             | 11/01/2026 12:24:56.389 | DOC[Tag_filehandler.adoc] added to database
     DEBUG |   81 | Database             | 11/01/2026 12:24:56.390 | DOC[Tag_filehandler.adoc] KEY[Title] VALUE[Tag: filehandler] added
     DEBUG |   81 | Database             | 11/01/2026 12:24:56.390 | DOC[Tag_filehandler.adoc] KEY[SystemPage] VALUE[Yes] added
     DEBUG |  776 | Theme                | 11/01/2026 12:24:56.390 | KEY[Tag] VALUE[filehandler] targets to RESOURCE[Tag_filehandler]
     DEBUG |  222 | Backend              | 11/01/2026 12:24:56.390 | DOC[Tag_filehandler.adoc] targets to RESOURCE[Tag_filehandler.html]
     DEBUG |  222 | Backend              | 11/01/2026 12:24:56.390 | DOC[Tag_incremental.adoc] targets to RESOURCE[Tag_incremental.html]
     DEBUG |   70 | Database             | 11/01/2026 12:24:56.390 | DOC[Tag_incremental.adoc] added to database
     DEBUG |   81 | Database             | 11/01/2026 12:24:56.390 | DOC[Tag_incremental.adoc] KEY[Title] VALUE[Tag: incremental] added
     DEBUG |   81 | Database             | 11/01/2026 12:24:56.390 | DOC[Tag_incremental.adoc] KEY[SystemPage] VALUE[Yes] added
     DEBUG |  776 | Theme                | 11/01/2026 12:24:56.390 | KEY[Tag] VALUE[incremental] targets to RESOURCE[Tag_incremental]
     DEBUG |  222 | Backend              | 11/01/2026 12:24:56.390 | DOC[Tag_incremental.adoc] targets to RESOURCE[Tag_incremental.html]
     DEBUG |  222 | Backend              | 11/01/2026 12:24:56.391 | DOC[Tag_index.adoc] targets to RESOURCE[Tag_index.html]
     DEBUG |   70 | Database             | 11/01/2026 12:24:56.391 | DOC[Tag_index.adoc] added to database
     DEBUG |   81 | Database             | 11/01/2026 12:24:56.391 | DOC[Tag_index.adoc] KEY[Title] VALUE[Tag: index] added
     DEBUG |   81 | Database             | 11/01/2026 12:24:56.391 | DOC[Tag_index.adoc] KEY[SystemPage] VALUE[Yes] added
     DEBUG |  776 | Theme                | 11/01/2026 12:24:56.391 | KEY[Tag] VALUE[index] targets to RESOURCE[Tag_index]
     DEBUG |  222 | Backend              | 11/01/2026 12:24:56.391 | DOC[Tag_index.adoc] targets to RESOURCE[Tag_index.html]
     DEBUG |  222 | Backend              | 11/01/2026 12:24:56.391 | DOC[Tag_logging.adoc] targets to RESOURCE[Tag_logging.html]
     DEBUG |   70 | Database             | 11/01/2026 12:24:56.391 | DOC[Tag_logging.adoc] added to database
     DEBUG |   81 | Database             | 11/01/2026 12:24:56.391 | DOC[Tag_logging.adoc] KEY[Title] VALUE[Tag: logging] added
     DEBUG |   81 | Database             | 11/01/2026 12:24:56.391 | DOC[Tag_logging.adoc] KEY[SystemPage] VALUE[Yes] added
     DEBUG |  776 | Theme                | 11/01/2026 12:24:56.391 | KEY[Tag] VALUE[logging] targets to RESOURCE[Tag_logging]
     DEBUG |  222 | Backend              | 11/01/2026 12:24:56.391 | DOC[Tag_logging.adoc] targets to RESOURCE[Tag_logging.html]
     DEBUG |  222 | Backend              | 11/01/2026 12:24:56.392 | DOC[Tag_page.adoc] targets to RESOURCE[Tag_page.html]
     DEBUG |   70 | Database             | 11/01/2026 12:24:56.392 | DOC[Tag_page.adoc] added to database
     DEBUG |   81 | Database             | 11/01/2026 12:24:56.392 | DOC[Tag_page.adoc] KEY[Title] VALUE[Tag: page] added
     DEBUG |   81 | Database             | 11/01/2026 12:24:56.392 | DOC[Tag_page.adoc] KEY[SystemPage] VALUE[Yes] added
     DEBUG |  776 | Theme                | 11/01/2026 12:24:56.392 | KEY[Tag] VALUE[page] targets to RESOURCE[Tag_page]
     DEBUG |  222 | Backend              | 11/01/2026 12:24:56.392 | DOC[Tag_page.adoc] targets to RESOURCE[Tag_page.html]
     DEBUG |  222 | Backend              | 11/01/2026 12:24:56.392 | DOC[Tag_project.adoc] targets to RESOURCE[Tag_project.html]
     DEBUG |   70 | Database             | 11/01/2026 12:24:56.392 | DOC[Tag_project.adoc] added to database
     DEBUG |   81 | Database             | 11/01/2026 12:24:56.392 | DOC[Tag_project.adoc] KEY[Title] VALUE[Tag: project] added
     DEBUG |   81 | Database             | 11/01/2026 12:24:56.392 | DOC[Tag_project.adoc] KEY[SystemPage] VALUE[Yes] added
     DEBUG |  776 | Theme                | 11/01/2026 12:24:56.393 | KEY[Tag] VALUE[project] targets to RESOURCE[Tag_project]
     DEBUG |  222 | Backend              | 11/01/2026 12:24:56.393 | DOC[Tag_project.adoc] targets to RESOURCE[Tag_project.html]
     DEBUG |  222 | Backend              | 11/01/2026 12:24:56.393 | DOC[Tag_redirect.adoc] targets to RESOURCE[Tag_redirect.html]
     DEBUG |   70 | Database             | 11/01/2026 12:24:56.393 | DOC[Tag_redirect.adoc] added to database
     DEBUG |   81 | Database             | 11/01/2026 12:24:56.393 | DOC[Tag_redirect.adoc] KEY[Title] VALUE[Tag: redirect] added
     DEBUG |   81 | Database             | 11/01/2026 12:24:56.393 | DOC[Tag_redirect.adoc] KEY[SystemPage] VALUE[Yes] added
     DEBUG |  776 | Theme                | 11/01/2026 12:24:56.393 | KEY[Tag] VALUE[redirect] targets to RESOURCE[Tag_redirect]
     DEBUG |  222 | Backend              | 11/01/2026 12:24:56.393 | DOC[Tag_redirect.adoc] targets to RESOURCE[Tag_redirect.html]
     DEBUG |  222 | Backend              | 11/01/2026 12:24:56.393 | DOC[Tag_template.adoc] targets to RESOURCE[Tag_template.html]
     DEBUG |   70 | Database             | 11/01/2026 12:24:56.394 | DOC[Tag_template.adoc] added to database
     DEBUG |   81 | Database             | 11/01/2026 12:24:56.394 | DOC[Tag_template.adoc] KEY[Title] VALUE[Tag: template] added
     DEBUG |   81 | Database             | 11/01/2026 12:24:56.394 | DOC[Tag_template.adoc] KEY[SystemPage] VALUE[Yes] added
     DEBUG |  776 | Theme                | 11/01/2026 12:24:56.394 | KEY[Tag] VALUE[template] targets to RESOURCE[Tag_template]
     DEBUG |  222 | Backend              | 11/01/2026 12:24:56.394 | DOC[Tag_template.adoc] targets to RESOURCE[Tag_template.html]
     DEBUG |  222 | Backend              | 11/01/2026 12:24:56.394 | DOC[Tag_vm.adoc] targets to RESOURCE[Tag_vm.html]
     DEBUG |   70 | Database             | 11/01/2026 12:24:56.394 | DOC[Tag_vm.adoc] added to database
     DEBUG |   81 | Database             | 11/01/2026 12:24:56.394 | DOC[Tag_vm.adoc] KEY[Title] VALUE[Tag: vm] added
     DEBUG |   81 | Database             | 11/01/2026 12:24:56.394 | DOC[Tag_vm.adoc] KEY[SystemPage] VALUE[Yes] added
     DEBUG |  776 | Theme                | 11/01/2026 12:24:56.394 | KEY[Tag] VALUE[vm] targets to RESOURCE[Tag_vm]
     DEBUG |  222 | Backend              | 11/01/2026 12:24:56.394 | DOC[Tag_vm.adoc] targets to RESOURCE[Tag_vm.html]
     DEBUG |  222 | Backend              | 11/01/2026 12:24:56.395 | DOC[Tag_workflow.adoc] targets to RESOURCE[Tag_workflow.html]
     DEBUG |   70 | Database             | 11/01/2026 12:24:56.395 | DOC[Tag_workflow.adoc] added to database
     DEBUG |   81 | Database             | 11/01/2026 12:24:56.395 | DOC[Tag_workflow.adoc] KEY[Title] VALUE[Tag: workflow] added
     DEBUG |   81 | Database             | 11/01/2026 12:24:56.395 | DOC[Tag_workflow.adoc] KEY[SystemPage] VALUE[Yes] added
     DEBUG |  776 | Theme                | 11/01/2026 12:24:56.395 | KEY[Tag] VALUE[workflow] targets to RESOURCE[Tag_workflow]
     DEBUG |  222 | Backend              | 11/01/2026 12:24:56.395 | DOC[Tag_workflow.adoc] targets to RESOURCE[Tag_workflow.html]
     DEBUG |  222 | Backend              | 11/01/2026 12:24:56.396 | DOC[Topic_Automation.adoc] targets to RESOURCE[Topic_Automation.html]
     DEBUG |   70 | Database             | 11/01/2026 12:24:56.396 | DOC[Topic_Automation.adoc] added to database
     DEBUG |   81 | Database             | 11/01/2026 12:24:56.396 | DOC[Topic_Automation.adoc] KEY[Title] VALUE[Topic: Automation] added
     DEBUG |   81 | Database             | 11/01/2026 12:24:56.396 | DOC[Topic_Automation.adoc] KEY[SystemPage] VALUE[Yes] added
     DEBUG |  776 | Theme                | 11/01/2026 12:24:56.396 | KEY[Topic] VALUE[Automation] targets to RESOURCE[Topic_Automation]
     DEBUG |  222 | Backend              | 11/01/2026 12:24:56.396 | DOC[Topic_Automation.adoc] targets to RESOURCE[Topic_Automation.html]
     DEBUG |  222 | Backend              | 11/01/2026 12:24:56.397 | DOC[Topic_Development.adoc] targets to RESOURCE[Topic_Development.html]
     DEBUG |   70 | Database             | 11/01/2026 12:24:56.397 | DOC[Topic_Development.adoc] added to database
     DEBUG |   81 | Database             | 11/01/2026 12:24:56.397 | DOC[Topic_Development.adoc] KEY[Title] VALUE[Topic: Development] added
     DEBUG |   81 | Database             | 11/01/2026 12:24:56.397 | DOC[Topic_Development.adoc] KEY[SystemPage] VALUE[Yes] added
     DEBUG |  776 | Theme                | 11/01/2026 12:24:56.397 | KEY[Topic] VALUE[Development] targets to RESOURCE[Topic_Development]
     DEBUG |  222 | Backend              | 11/01/2026 12:24:56.397 | DOC[Topic_Development.adoc] targets to RESOURCE[Topic_Development.html]
     DEBUG |  222 | Backend              | 11/01/2026 12:24:56.397 | DOC[Topic_Documentation.adoc] targets to RESOURCE[Topic_Documentation.html]
     DEBUG |   70 | Database             | 11/01/2026 12:24:56.397 | DOC[Topic_Documentation.adoc] added to database
     DEBUG |   81 | Database             | 11/01/2026 12:24:56.397 | DOC[Topic_Documentation.adoc] KEY[Title] VALUE[Topic: Documentation] added
     DEBUG |   81 | Database             | 11/01/2026 12:24:56.398 | DOC[Topic_Documentation.adoc] KEY[SystemPage] VALUE[Yes] added
     DEBUG |  776 | Theme                | 11/01/2026 12:24:56.398 | KEY[Topic] VALUE[Documentation] targets to RESOURCE[Topic_Documentation]
     DEBUG |  222 | Backend              | 11/01/2026 12:24:56.398 | DOC[Topic_Documentation.adoc] targets to RESOURCE[Topic_Documentation.html]
     DEBUG |  222 | Backend              | 11/01/2026 12:24:56.398 | DOC[Topic_Package_management.adoc] targets to RESOURCE[Topic_Package_management.html]
     DEBUG |   70 | Database             | 11/01/2026 12:24:56.398 | DOC[Topic_Package_management.adoc] added to database
     DEBUG |   81 | Database             | 11/01/2026 12:24:56.398 | DOC[Topic_Package_management.adoc] KEY[Title] VALUE[Topic: Package management] added
     DEBUG |   81 | Database             | 11/01/2026 12:24:56.398 | DOC[Topic_Package_management.adoc] KEY[SystemPage] VALUE[Yes] added
     DEBUG |  776 | Theme                | 11/01/2026 12:24:56.398 | KEY[Topic] VALUE[Package management] targets to RESOURCE[Topic_Package_management]
     DEBUG |  222 | Backend              | 11/01/2026 12:24:56.398 | DOC[Topic_Package_management.adoc] targets to RESOURCE[Topic_Package_management.html]
     DEBUG |  708 | Backend              | 11/01/2026 12:24:56.398 | STATS - 7 keys will be compiled
     DEBUG |  709 | Backend              | 11/01/2026 12:24:56.398 | STATS - 36 key/value pairs will be compiled
     DEBUG |  710 | Backend              | 11/01/2026 12:24:56.398 | STATS - Finish processing keys
     DEBUG |  711 | Backend              | 11/01/2026 12:24:56.398 | STATS - Target docs: 49
     DEBUG |  712 | Backend              | 11/01/2026 12:24:56.398 | [PROCESSINNG] - END
      INFO |  112 | Workflow             | 11/01/2026 12:24:56.399 | Theme processing
     DEBUG |  831 | Backend              | 11/01/2026 12:24:56.399 | [PROCESSING THEME] - START
     DEBUG |  222 | Backend              | 11/01/2026 12:24:56.401 | DOC[events_20260111.adoc] targets to RESOURCE[events_20260111.html]
     DEBUG |   70 | Database             | 11/01/2026 12:24:56.401 | DOC[events_20260111.adoc] added to database
     DEBUG |   81 | Database             | 11/01/2026 12:24:56.401 | DOC[events_20260111.adoc] KEY[Title] VALUE[Events on Sunday, January 11, 2026] added
     DEBUG |   81 | Database             | 11/01/2026 12:24:56.401 | DOC[events_20260111.adoc] KEY[SystemPage] VALUE[Yes] added
     DEBUG |  222 | Backend              | 11/01/2026 12:24:56.402 | DOC[events_20251231.adoc] targets to RESOURCE[events_20251231.html]
     DEBUG |   70 | Database             | 11/01/2026 12:24:56.402 | DOC[events_20251231.adoc] added to database
     DEBUG |   81 | Database             | 11/01/2026 12:24:56.402 | DOC[events_20251231.adoc] KEY[Title] VALUE[Events on Wednesday, December 31, 2025] added
     DEBUG |   81 | Database             | 11/01/2026 12:24:56.402 | DOC[events_20251231.adoc] KEY[SystemPage] VALUE[Yes] added
     DEBUG |  222 | Backend              | 11/01/2026 12:24:56.402 | DOC[events_20251228.adoc] targets to RESOURCE[events_20251228.html]
     DEBUG |   70 | Database             | 11/01/2026 12:24:56.402 | DOC[events_20251228.adoc] added to database
     DEBUG |   81 | Database             | 11/01/2026 12:24:56.402 | DOC[events_20251228.adoc] KEY[Title] VALUE[Events on Sunday, December 28, 2025] added
     DEBUG |   81 | Database             | 11/01/2026 12:24:56.402 | DOC[events_20251228.adoc] KEY[SystemPage] VALUE[Yes] added
     DEBUG |  222 | Backend              | 11/01/2026 12:24:56.403 | DOC[events_20251214.adoc] targets to RESOURCE[events_20251214.html]
     DEBUG |   70 | Database             | 11/01/2026 12:24:56.403 | DOC[events_20251214.adoc] added to database
     DEBUG |   81 | Database             | 11/01/2026 12:24:56.403 | DOC[events_20251214.adoc] KEY[Title] VALUE[Events on Sunday, December 14, 2025] added
     DEBUG |   81 | Database             | 11/01/2026 12:24:56.403 | DOC[events_20251214.adoc] KEY[SystemPage] VALUE[Yes] added
     DEBUG |  222 | Backend              | 11/01/2026 12:24:56.404 | DOC[events_20251208.adoc] targets to RESOURCE[events_20251208.html]
     DEBUG |   70 | Database             | 11/01/2026 12:24:56.404 | DOC[events_20251208.adoc] added to database
     DEBUG |   81 | Database             | 11/01/2026 12:24:56.404 | DOC[events_20251208.adoc] KEY[Title] VALUE[Events on Monday, December 08, 2025] added
     DEBUG |   81 | Database             | 11/01/2026 12:24:56.404 | DOC[events_20251208.adoc] KEY[SystemPage] VALUE[Yes] added
     DEBUG |  222 | Backend              | 11/01/2026 12:24:56.404 | DOC[events_202601.adoc] targets to RESOURCE[events_202601.html]
     DEBUG |   70 | Database             | 11/01/2026 12:24:56.404 | DOC[events_202601.adoc] added to database
     DEBUG |   81 | Database             | 11/01/2026 12:24:56.405 | DOC[events_202601.adoc] KEY[Title] VALUE[Events on January, 2026] added
     DEBUG |   81 | Database             | 11/01/2026 12:24:56.405 | DOC[events_202601.adoc] KEY[SystemPage] VALUE[Yes] added
     DEBUG |  222 | Backend              | 11/01/2026 12:24:56.405 | DOC[events_202512.adoc] targets to RESOURCE[events_202512.html]
     DEBUG |   70 | Database             | 11/01/2026 12:24:56.405 | DOC[events_202512.adoc] added to database
     DEBUG |   81 | Database             | 11/01/2026 12:24:56.405 | DOC[events_202512.adoc] KEY[Title] VALUE[Events on December, 2025] added
     DEBUG |   81 | Database             | 11/01/2026 12:24:56.405 | DOC[events_202512.adoc] KEY[SystemPage] VALUE[Yes] added
     DEBUG |  222 | Backend              | 11/01/2026 12:24:56.429 | DOC[events_2026.adoc] targets to RESOURCE[events_2026.html]
     DEBUG |   70 | Database             | 11/01/2026 12:24:56.429 | DOC[events_2026.adoc] added to database
     DEBUG |   81 | Database             | 11/01/2026 12:24:56.429 | DOC[events_2026.adoc] KEY[Title] VALUE[Events on 2026] added
     DEBUG |   81 | Database             | 11/01/2026 12:24:56.429 | DOC[events_2026.adoc] KEY[SystemPage] VALUE[Yes] added
     DEBUG |  222 | Backend              | 11/01/2026 12:24:56.441 | DOC[events_2025.adoc] targets to RESOURCE[events_2025.html]
     DEBUG |   70 | Database             | 11/01/2026 12:24:56.441 | DOC[events_2025.adoc] added to database
     DEBUG |   81 | Database             | 11/01/2026 12:24:56.441 | DOC[events_2025.adoc] KEY[Title] VALUE[Events on 2025] added
     DEBUG |   81 | Database             | 11/01/2026 12:24:56.441 | DOC[events_2025.adoc] KEY[SystemPage] VALUE[Yes] added
     DEBUG |  222 | Backend              | 11/01/2026 12:24:56.442 | DOC[events.adoc] targets to RESOURCE[events.html]
     DEBUG |   70 | Database             | 11/01/2026 12:24:56.442 | DOC[events.adoc] added to database
     DEBUG |   81 | Database             | 11/01/2026 12:24:56.443 | DOC[events.adoc] KEY[Title] VALUE[Events] added
     DEBUG |   81 | Database             | 11/01/2026 12:24:56.443 | DOC[events.adoc] KEY[SystemPage] VALUE[Yes] added
     DEBUG |  222 | Backend              | 11/01/2026 12:24:56.446 | DOC[properties.adoc] targets to RESOURCE[properties.html]
     DEBUG |   70 | Database             | 11/01/2026 12:24:56.446 | DOC[properties.adoc] added to database
     DEBUG |   81 | Database             | 11/01/2026 12:24:56.446 | DOC[properties.adoc] KEY[Title] VALUE[Properties] added
     DEBUG |   81 | Database             | 11/01/2026 12:24:56.446 | DOC[properties.adoc] KEY[SystemPage] VALUE[Yes] added
     DEBUG |  222 | Backend              | 11/01/2026 12:24:56.448 | DOC[stats.adoc] targets to RESOURCE[stats.html]
     DEBUG |   70 | Database             | 11/01/2026 12:24:56.448 | DOC[stats.adoc] added to database
     DEBUG |   81 | Database             | 11/01/2026 12:24:56.448 | DOC[stats.adoc] KEY[Title] VALUE[Stats] added
     DEBUG |   81 | Database             | 11/01/2026 12:24:56.448 | DOC[stats.adoc] KEY[SystemPage] VALUE[Yes] added
     DEBUG |  786 | Theme                | 11/01/2026 12:24:56.449 | DOC['20251228-KB4IT-incremental-compiling.adoc'] bookmarked?  [False]
     DEBUG |  786 | Theme                | 11/01/2026 12:24:56.449 | DOC['20251231-1400-log_module.adoc'] bookmarked?  [False]
     DEBUG |  786 | Theme                | 11/01/2026 12:24:56.449 | DOC['20251226-PyGTK4.adoc'] bookmarked? Yes [True]
     DEBUG |  786 | Theme                | 11/01/2026 12:24:56.449 | DOC['20251214-0030.adoc'] bookmarked?  [False]
     DEBUG |  786 | Theme                | 11/01/2026 12:24:56.449 | DOC['20251208-2230.adoc'] bookmarked?  [False]
     DEBUG |  790 | Theme                | 11/01/2026 12:24:56.449 |  - Found 1 bookmarks
     DEBUG |   70 | Database             | 11/01/2026 12:24:56.449 | DOC[bookmarks.adoc] added to database
     DEBUG |   81 | Database             | 11/01/2026 12:24:56.449 | DOC[bookmarks.adoc] KEY[Title] VALUE[Bookmarks] added
     DEBUG |   81 | Database             | 11/01/2026 12:24:56.449 | DOC[bookmarks.adoc] KEY[SystemPage] VALUE[Yes] added
     DEBUG |  222 | Backend              | 11/01/2026 12:24:56.449 | DOC[bookmarks.adoc] targets to RESOURCE[bookmarks.html]
     DEBUG |  803 | Theme                | 11/01/2026 12:24:56.450 |  - Created page for bookmarks
     DEBUG |  222 | Backend              | 11/01/2026 12:24:56.451 | DOC[all.adoc] targets to RESOURCE[all.html]
     DEBUG |   70 | Database             | 11/01/2026 12:24:56.451 | DOC[all.adoc] added to database
     DEBUG |   81 | Database             | 11/01/2026 12:24:56.451 | DOC[all.adoc] KEY[Title] VALUE[All documents] added
     DEBUG |   81 | Database             | 11/01/2026 12:24:56.451 | DOC[all.adoc] KEY[SystemPage] VALUE[Yes] added
     DEBUG |  833 | Backend              | 11/01/2026 12:24:56.451 | [PROCESSING THEME] - END
      INFO |  114 | Workflow             | 11/01/2026 12:24:56.451 | Compilation
     DEBUG |  726 | Backend              | 11/01/2026 12:24:56.451 | Global resources copied to /home/runner/work/blog/blog/var/work/homerunnerworkblogblogsource/tmp/resources
     DEBUG |  730 | Backend              | 11/01/2026 12:24:56.451 | CONF[ASCIIDOC] PARAM[toc] VALUE[left]
     DEBUG |  730 | Backend              | 11/01/2026 12:24:56.451 | CONF[ASCIIDOC] PARAM[toclevels] VALUE[2]
     DEBUG |  730 | Backend              | 11/01/2026 12:24:56.451 | CONF[ASCIIDOC] PARAM[icons] VALUE[font]
     DEBUG |  730 | Backend              | 11/01/2026 12:24:56.452 | CONF[ASCIIDOC] PARAM[linkcss] VALUE[None]
     DEBUG |  730 | Backend              | 11/01/2026 12:24:56.452 | CONF[ASCIIDOC] PARAM[experimental] VALUE[None]
     DEBUG |  730 | Backend              | 11/01/2026 12:24:56.452 | CONF[ASCIIDOC] PARAM[source-highlighter] VALUE[highlight.js]
     DEBUG |  767 | Backend              | 11/01/2026 12:24:56.452 | DOC[20251208-2230.adoc] compiles in JOB[1]
     DEBUG |  767 | Backend              | 11/01/2026 12:24:56.452 | DOC[20251214-0030.adoc] compiles in JOB[2]
     DEBUG |  767 | Backend              | 11/01/2026 12:24:56.453 | DOC[20251226-PyGTK4.adoc] compiles in JOB[3]
     DEBUG |  767 | Backend              | 11/01/2026 12:24:56.454 | DOC[20251228-KB4IT-incremental-compiling.adoc] compiles in JOB[4]
     DEBUG |  767 | Backend              | 11/01/2026 12:24:56.455 | DOC[20251231-1400-log_module.adoc] compiles in JOB[5]
     DEBUG |  767 | Backend              | 11/01/2026 12:24:56.463 | DOC[about_app.adoc] compiles in JOB[6]
     DEBUG |  767 | Backend              | 11/01/2026 12:24:56.464 | DOC[all.adoc] compiles in JOB[7]
     DEBUG |  767 | Backend              | 11/01/2026 12:24:56.465 | DOC[Author.adoc] compiles in JOB[8]
     DEBUG |  767 | Backend              | 11/01/2026 12:24:56.466 | DOC[Author_Tomás_Vírseda.adoc] compiles in JOB[9]
     DEBUG |  767 | Backend              | 11/01/2026 12:24:56.473 | DOC[Bookmark.adoc] compiles in JOB[10]
     DEBUG |  767 | Backend              | 11/01/2026 12:24:56.473 | DOC[Bookmark_Yes.adoc] compiles in JOB[11]
     DEBUG |  767 | Backend              | 11/01/2026 12:24:56.473 | DOC[bookmarks.adoc] compiles in JOB[12]
     DEBUG |  767 | Backend              | 11/01/2026 12:24:56.473 | DOC[Category.adoc] compiles in JOB[13]
     DEBUG |  767 | Backend              | 11/01/2026 12:24:56.473 | DOC[Category_Post.adoc] compiles in JOB[14]
     DEBUG |  767 | Backend              | 11/01/2026 12:24:56.473 | DOC[events.adoc] compiles in JOB[15]
     DEBUG |  767 | Backend              | 11/01/2026 12:24:56.473 | DOC[events_2025.adoc] compiles in JOB[16]
     DEBUG |  767 | Backend              | 11/01/2026 12:24:56.474 | DOC[events_202512.adoc] compiles in JOB[17]
     DEBUG |  767 | Backend              | 11/01/2026 12:24:56.474 | DOC[events_20251208.adoc] compiles in JOB[18]
     DEBUG |  767 | Backend              | 11/01/2026 12:24:56.474 | DOC[events_20251214.adoc] compiles in JOB[19]
     DEBUG |  767 | Backend              | 11/01/2026 12:24:56.474 | DOC[events_20251228.adoc] compiles in JOB[20]
     DEBUG |  767 | Backend              | 11/01/2026 12:24:56.474 | DOC[events_20251231.adoc] compiles in JOB[21]
     DEBUG |  767 | Backend              | 11/01/2026 12:24:56.474 | DOC[events_2026.adoc] compiles in JOB[22]
     DEBUG |  767 | Backend              | 11/01/2026 12:24:56.475 | DOC[events_202601.adoc] compiles in JOB[23]
     DEBUG |  767 | Backend              | 11/01/2026 12:24:56.476 | DOC[events_20260111.adoc] compiles in JOB[24]
     DEBUG |  767 | Backend              | 11/01/2026 12:24:56.476 | DOC[Product.adoc] compiles in JOB[25]
     DEBUG |  767 | Backend              | 11/01/2026 12:24:56.476 | DOC[Product_Github_Actions.adoc] compiles in JOB[26]
     DEBUG |  767 | Backend              | 11/01/2026 12:24:56.476 | DOC[Product_GNOME.adoc] compiles in JOB[27]
     DEBUG |  767 | Backend              | 11/01/2026 12:24:56.476 | DOC[Product_GTK.adoc] compiles in JOB[28]
     DEBUG |  767 | Backend              | 11/01/2026 12:24:56.476 | DOC[Product_KB4IT.adoc] compiles in JOB[29]
     DEBUG |  767 | Backend              | 11/01/2026 12:24:56.476 | DOC[Product_Libadwaita.adoc] compiles in JOB[30]
     DEBUG |  767 | Backend              | 11/01/2026 12:24:56.476 | DOC[Product_Mako.adoc] compiles in JOB[31]
     DEBUG |  767 | Backend              | 11/01/2026 12:24:56.476 | DOC[Product_MiAZ.adoc] compiles in JOB[32]
     DEBUG |  767 | Backend              | 11/01/2026 12:24:56.476 | DOC[Product_Pixi.adoc] compiles in JOB[33]
     DEBUG |  767 | Backend              | 11/01/2026 12:24:56.476 | DOC[Product_PyGObject.adoc] compiles in JOB[34]
     DEBUG |  767 | Backend              | 11/01/2026 12:24:56.476 | DOC[Product_Pypi.adoc] compiles in JOB[35]
     DEBUG |  767 | Backend              | 11/01/2026 12:24:56.476 | DOC[Product_Python.adoc] compiles in JOB[36]
     DEBUG |  767 | Backend              | 11/01/2026 12:24:56.477 | DOC[Programming_Language.adoc] compiles in JOB[37]
     DEBUG |  767 | Backend              | 11/01/2026 12:24:56.477 | DOC[Programming_Language_Python.adoc] compiles in JOB[38]
     DEBUG |  767 | Backend              | 11/01/2026 12:24:56.477 | DOC[properties.adoc] compiles in JOB[39]
     DEBUG |  767 | Backend              | 11/01/2026 12:24:56.477 | DOC[stats.adoc] compiles in JOB[40]
     DEBUG |  767 | Backend              | 11/01/2026 12:24:56.477 | DOC[Tag.adoc] compiles in JOB[41]
     DEBUG |  767 | Backend              | 11/01/2026 12:24:56.477 | DOC[Tag_api.adoc] compiles in JOB[42]
     DEBUG |  767 | Backend              | 11/01/2026 12:24:56.480 | DOC[Tag_build.adoc] compiles in JOB[43]
     DEBUG |  767 | Backend              | 11/01/2026 12:24:56.480 | DOC[Tag_cache.adoc] compiles in JOB[44]
     DEBUG |  767 | Backend              | 11/01/2026 12:24:56.480 | DOC[Tag_compiling.adoc] compiles in JOB[45]
     DEBUG |  767 | Backend              | 11/01/2026 12:24:56.480 | DOC[Tag_dependency.adoc] compiles in JOB[46]
     DEBUG |  767 | Backend              | 11/01/2026 12:24:56.480 | DOC[Tag_documentation.adoc] compiles in JOB[47]
     DEBUG |  767 | Backend              | 11/01/2026 12:24:56.480 | DOC[Tag_environment.adoc] compiles in JOB[48]
     DEBUG |  767 | Backend              | 11/01/2026 12:24:56.480 | DOC[Tag_filehandler.adoc] compiles in JOB[49]
     DEBUG |  767 | Backend              | 11/01/2026 12:24:56.481 | DOC[Tag_incremental.adoc] compiles in JOB[50]
     DEBUG |  767 | Backend              | 11/01/2026 12:24:56.481 | DOC[Tag_index.adoc] compiles in JOB[51]
     DEBUG |  767 | Backend              | 11/01/2026 12:24:56.481 | DOC[Tag_logging.adoc] compiles in JOB[52]
     DEBUG |  767 | Backend              | 11/01/2026 12:24:56.481 | DOC[Tag_page.adoc] compiles in JOB[53]
     DEBUG |  767 | Backend              | 11/01/2026 12:24:56.481 | DOC[Tag_project.adoc] compiles in JOB[54]
     DEBUG |  767 | Backend              | 11/01/2026 12:24:56.481 | DOC[Tag_redirect.adoc] compiles in JOB[55]
     DEBUG |  767 | Backend              | 11/01/2026 12:24:56.481 | DOC[Tag_template.adoc] compiles in JOB[56]
     DEBUG |  767 | Backend              | 11/01/2026 12:24:56.481 | DOC[Tag_vm.adoc] compiles in JOB[57]
     DEBUG |  767 | Backend              | 11/01/2026 12:24:56.481 | DOC[Tag_workflow.adoc] compiles in JOB[58]
     DEBUG |  767 | Backend              | 11/01/2026 12:24:56.481 | DOC[Topic.adoc] compiles in JOB[59]
     DEBUG |  767 | Backend              | 11/01/2026 12:24:56.481 | DOC[Topic_Automation.adoc] compiles in JOB[60]
     DEBUG |  767 | Backend              | 11/01/2026 12:24:56.481 | DOC[Topic_Development.adoc] compiles in JOB[61]
     DEBUG |  767 | Backend              | 11/01/2026 12:24:56.481 | DOC[Topic_Documentation.adoc] compiles in JOB[62]
     DEBUG |  767 | Backend              | 11/01/2026 12:24:56.481 | DOC[Topic_Package_management.adoc] compiles in JOB[63]
     DEBUG |  776 | Backend              | 11/01/2026 12:24:56.482 | [COMPILATION] - START
     DEBUG |  780 | Backend              | 11/01/2026 12:24:56.973 | DOC[20251208-2230.adoc] compiled successfully
     DEBUG |  780 | Backend              | 11/01/2026 12:24:56.973 | DOC[20251214-0030.adoc] compiled successfully
     DEBUG |  780 | Backend              | 11/01/2026 12:24:56.973 | DOC[20251226-PyGTK4.adoc] compiled successfully
     DEBUG |  780 | Backend              | 11/01/2026 12:24:56.980 | DOC[20251228-KB4IT-incremental-compiling.adoc] compiled successfully
     DEBUG |  785 | Backend              | 11/01/2026 12:24:56.980 | STATS - JOB[4/63] Compilation progress: 6% done
     DEBUG |  780 | Backend              | 11/01/2026 12:24:56.981 | DOC[20251231-1400-log_module.adoc] compiled successfully
     DEBUG |  780 | Backend              | 11/01/2026 12:24:56.981 | DOC[about_app.adoc] compiled successfully
     DEBUG |  780 | Backend              | 11/01/2026 12:24:56.981 | DOC[all.adoc] compiled successfully
     DEBUG |  780 | Backend              | 11/01/2026 12:24:56.981 | DOC[Author.adoc] compiled successfully
     DEBUG |  785 | Backend              | 11/01/2026 12:24:56.983 | STATS - JOB[8/63] Compilation progress: 12% done
     DEBUG |  780 | Backend              | 11/01/2026 12:24:57.164 | DOC[Author_Tomás_Vírseda.adoc] compiled successfully
     DEBUG |  780 | Backend              | 11/01/2026 12:24:57.373 | DOC[Bookmark.adoc] compiled successfully
     DEBUG |  780 | Backend              | 11/01/2026 12:24:57.439 | DOC[Bookmark_Yes.adoc] compiled successfully
     DEBUG |  780 | Backend              | 11/01/2026 12:24:57.472 | DOC[bookmarks.adoc] compiled successfully
     DEBUG |  785 | Backend              | 11/01/2026 12:24:57.472 | STATS - JOB[12/63] Compilation progress: 19% done
     DEBUG |  780 | Backend              | 11/01/2026 12:24:57.631 | DOC[Category.adoc] compiled successfully
     DEBUG |  780 | Backend              | 11/01/2026 12:24:57.631 | DOC[Category_Post.adoc] compiled successfully
     DEBUG |  780 | Backend              | 11/01/2026 12:24:57.666 | DOC[events.adoc] compiled successfully
     DEBUG |  780 | Backend              | 11/01/2026 12:24:57.787 | DOC[events_2025.adoc] compiled successfully
     DEBUG |  785 | Backend              | 11/01/2026 12:24:57.787 | STATS - JOB[16/63] Compilation progress: 25% done
     DEBUG |  780 | Backend              | 11/01/2026 12:24:57.859 | DOC[events_202512.adoc] compiled successfully
     DEBUG |  780 | Backend              | 11/01/2026 12:24:57.976 | DOC[events_20251208.adoc] compiled successfully
     DEBUG |  780 | Backend              | 11/01/2026 12:24:58.098 | DOC[events_20251214.adoc] compiled successfully
     DEBUG |  780 | Backend              | 11/01/2026 12:24:58.133 | DOC[events_20251228.adoc] compiled successfully
     DEBUG |  785 | Backend              | 11/01/2026 12:24:58.133 | STATS - JOB[20/63] Compilation progress: 31% done
     DEBUG |  780 | Backend              | 11/01/2026 12:24:58.302 | DOC[events_20251231.adoc] compiled successfully
     DEBUG |  780 | Backend              | 11/01/2026 12:24:58.362 | DOC[events_2026.adoc] compiled successfully
     DEBUG |  780 | Backend              | 11/01/2026 12:24:58.476 | DOC[events_202601.adoc] compiled successfully
     DEBUG |  780 | Backend              | 11/01/2026 12:24:58.495 | DOC[events_20260111.adoc] compiled successfully
     DEBUG |  785 | Backend              | 11/01/2026 12:24:58.495 | STATS - JOB[24/63] Compilation progress: 38% done
     DEBUG |  780 | Backend              | 11/01/2026 12:24:58.527 | DOC[Product.adoc] compiled successfully
     DEBUG |  780 | Backend              | 11/01/2026 12:24:58.558 | DOC[Product_Github_Actions.adoc] compiled successfully
     DEBUG |  780 | Backend              | 11/01/2026 12:24:58.677 | DOC[Product_GNOME.adoc] compiled successfully
     DEBUG |  780 | Backend              | 11/01/2026 12:24:58.825 | DOC[Product_GTK.adoc] compiled successfully
     DEBUG |  785 | Backend              | 11/01/2026 12:24:58.825 | STATS - JOB[28/63] Compilation progress: 44% done
     DEBUG |  780 | Backend              | 11/01/2026 12:24:58.873 | DOC[Product_KB4IT.adoc] compiled successfully
     DEBUG |  780 | Backend              | 11/01/2026 12:24:58.926 | DOC[Product_Libadwaita.adoc] compiled successfully
     DEBUG |  780 | Backend              | 11/01/2026 12:24:59.006 | DOC[Product_Mako.adoc] compiled successfully
     DEBUG |  780 | Backend              | 11/01/2026 12:24:59.182 | DOC[Product_MiAZ.adoc] compiled successfully
     DEBUG |  785 | Backend              | 11/01/2026 12:24:59.182 | STATS - JOB[32/63] Compilation progress: 50% done
     DEBUG |  780 | Backend              | 11/01/2026 12:24:59.186 | DOC[Product_Pixi.adoc] compiled successfully
     DEBUG |  780 | Backend              | 11/01/2026 12:24:59.200 | DOC[Product_PyGObject.adoc] compiled successfully
     DEBUG |  780 | Backend              | 11/01/2026 12:24:59.275 | DOC[Product_Pypi.adoc] compiled successfully
     DEBUG |  780 | Backend              | 11/01/2026 12:24:59.358 | DOC[Product_Python.adoc] compiled successfully
     DEBUG |  785 | Backend              | 11/01/2026 12:24:59.358 | STATS - JOB[36/63] Compilation progress: 57% done
     DEBUG |  780 | Backend              | 11/01/2026 12:24:59.516 | DOC[Programming_Language.adoc] compiled successfully
     DEBUG |  780 | Backend              | 11/01/2026 12:24:59.537 | DOC[Programming_Language_Python.adoc] compiled successfully
     DEBUG |  780 | Backend              | 11/01/2026 12:24:59.618 | DOC[properties.adoc] compiled successfully
     DEBUG |  780 | Backend              | 11/01/2026 12:24:59.685 | DOC[stats.adoc] compiled successfully
     DEBUG |  785 | Backend              | 11/01/2026 12:24:59.685 | STATS - JOB[40/63] Compilation progress: 63% done
     DEBUG |  780 | Backend              | 11/01/2026 12:24:59.694 | DOC[Tag.adoc] compiled successfully
     DEBUG |  780 | Backend              | 11/01/2026 12:24:59.907 | DOC[Tag_api.adoc] compiled successfully
     DEBUG |  780 | Backend              | 11/01/2026 12:25:00.035 | DOC[Tag_build.adoc] compiled successfully
     DEBUG |  780 | Backend              | 11/01/2026 12:25:00.108 | DOC[Tag_cache.adoc] compiled successfully
     DEBUG |  785 | Backend              | 11/01/2026 12:25:00.108 | STATS - JOB[44/63] Compilation progress: 69% done
     DEBUG |  780 | Backend              | 11/01/2026 12:25:00.151 | DOC[Tag_compiling.adoc] compiled successfully
     DEBUG |  780 | Backend              | 11/01/2026 12:25:00.302 | DOC[Tag_dependency.adoc] compiled successfully
     DEBUG |  780 | Backend              | 11/01/2026 12:25:00.324 | DOC[Tag_documentation.adoc] compiled successfully
     DEBUG |  780 | Backend              | 11/01/2026 12:25:00.486 | DOC[Tag_environment.adoc] compiled successfully
     DEBUG |  785 | Backend              | 11/01/2026 12:25:00.487 | STATS - JOB[48/63] Compilation progress: 76% done
     DEBUG |  780 | Backend              | 11/01/2026 12:25:00.487 | DOC[Tag_filehandler.adoc] compiled successfully
     DEBUG |  780 | Backend              | 11/01/2026 12:25:00.499 | DOC[Tag_incremental.adoc] compiled successfully
     DEBUG |  780 | Backend              | 11/01/2026 12:25:00.554 | DOC[Tag_index.adoc] compiled successfully
     DEBUG |  780 | Backend              | 11/01/2026 12:25:00.609 | DOC[Tag_logging.adoc] compiled successfully
     DEBUG |  785 | Backend              | 11/01/2026 12:25:00.609 | STATS - JOB[52/63] Compilation progress: 82% done
     DEBUG |  780 | Backend              | 11/01/2026 12:25:00.742 | DOC[Tag_page.adoc] compiled successfully
     DEBUG |  780 | Backend              | 11/01/2026 12:25:00.853 | DOC[Tag_project.adoc] compiled successfully
     DEBUG |  780 | Backend              | 11/01/2026 12:25:01.070 | DOC[Tag_redirect.adoc] compiled successfully
     DEBUG |  780 | Backend              | 11/01/2026 12:25:01.102 | DOC[Tag_template.adoc] compiled successfully
     DEBUG |  785 | Backend              | 11/01/2026 12:25:01.102 | STATS - JOB[56/63] Compilation progress: 88% done
     DEBUG |  780 | Backend              | 11/01/2026 12:25:01.271 | DOC[Tag_vm.adoc] compiled successfully
     DEBUG |  780 | Backend              | 11/01/2026 12:25:01.430 | DOC[Tag_workflow.adoc] compiled successfully
     DEBUG |  780 | Backend              | 11/01/2026 12:25:01.445 | DOC[Topic.adoc] compiled successfully
     DEBUG |  780 | Backend              | 11/01/2026 12:25:01.445 | DOC[Topic_Automation.adoc] compiled successfully
     DEBUG |  785 | Backend              | 11/01/2026 12:25:01.445 | STATS - JOB[60/63] Compilation progress: 95% done
     DEBUG |  780 | Backend              | 11/01/2026 12:25:01.538 | DOC[Topic_Development.adoc] compiled successfully
     DEBUG |  780 | Backend              | 11/01/2026 12:25:01.539 | DOC[Topic_Documentation.adoc] compiled successfully
     DEBUG |  780 | Backend              | 11/01/2026 12:25:01.575 | DOC[Topic_Package_management.adoc] compiled successfully
     DEBUG |  794 | Backend              | 11/01/2026 12:25:01.575 | STATS - JOB[63/63] Compilation progress: 100% done
     DEBUG |  795 | Backend              | 11/01/2026 12:25:01.575 | STATS - Compilation time: 5 seconds
     DEBUG |  796 | Backend              | 11/01/2026 12:25:01.575 | STATS - Compiled docs: 63
     DEBUG |  797 | Backend              | 11/01/2026 12:25:01.575 | STATS - Avg. Speed: 12 docs/sec
     DEBUG |  800 | Backend              | 11/01/2026 12:25:01.575 | [COMPILATION] - END
      INFO |  116 | Workflow             | 11/01/2026 12:25:02.398 | Clean up target
     DEBUG |  838 | Backend              | 11/01/2026 12:25:02.398 | [CLEANUP] - START
     DEBUG |  843 | Backend              | 11/01/2026 12:25:02.399 | Distributed files deleted
     DEBUG |  855 | Backend              | 11/01/2026 12:25:02.405 | Copy temporary files to distributed directory
     DEBUG |  858 | Backend              | 11/01/2026 12:25:02.431 | Deleted target contents in: /home/runner/work/blog/blog/docs
     DEBUG |  859 | Backend              | 11/01/2026 12:25:02.431 | [CLEANUP]
      INFO |  118 | Workflow             | 11/01/2026 12:25:02.431 | Refresh target
     DEBUG |  864 | Backend              | 11/01/2026 12:25:02.431 | [INSTALL] - START
     DEBUG |  871 | Backend              | 11/01/2026 12:25:02.432 | STATS - Copied 6 asciidoctor sources to target path
     DEBUG |  879 | Backend              | 11/01/2026 12:25:02.442 | STATS - Copied 63 html files from temporary path to cache path
     DEBUG |  887 | Backend              | 11/01/2026 12:25:02.457 | STATS - Copied 126 html files from temporary target to cache path
     DEBUG |  902 | Backend              | 11/01/2026 12:25:02.463 | STATS - Copied 63 cached documents successfully to target path
     DEBUG |  914 | Backend              | 11/01/2026 12:25:02.567 | STATS - Copied global resources to target path
     DEBUG |  929 | Backend              | 11/01/2026 12:25:02.577 | Copying HTML files back to cache...
     DEBUG |  934 | Backend              | 11/01/2026 12:25:02.577 | Copied JSON database to target
     DEBUG |  935 | Backend              | 11/01/2026 12:25:02.577 | [INSTALL] - END
      INFO |  120 | Workflow             | 11/01/2026 12:25:02.578 | Theme post activities
     DEBUG |  393 | Theme                | 11/01/2026 12:25:02.578 | [POSTPROCESSING THEME] - START
     DEBUG |  202 | Theme                | 11/01/2026 12:25:02.584 | DOC[20251228-KB4IT-incremental-compiling.adoc] add to index page
     DEBUG |  202 | Theme                | 11/01/2026 12:25:02.585 | DOC[20251231-1400-log_module.adoc] add to index page
     DEBUG |  202 | Theme                | 11/01/2026 12:25:02.585 | DOC[20251226-PyGTK4.adoc] add to index page
     DEBUG |  202 | Theme                | 11/01/2026 12:25:02.586 | DOC[20251214-0030.adoc] add to index page
     DEBUG |  202 | Theme                | 11/01/2026 12:25:02.586 | DOC[20251208-2230.adoc] add to index page
     DEBUG |  297 | Database             | 11/01/2026 12:25:02.734 | DOC[index.adoc] is not in the database
     DEBUG |  396 | Theme                | 11/01/2026 12:25:02.737 | [POSTPROCESSING THEME] - END
      INFO |  123 | Workflow             | 11/01/2026 12:25:02.738 | Repository website built
      INFO |  124 | Workflow             | 11/01/2026 12:25:02.738 | URL: /home/runner/work/blog/blog/docs/index.html
      INFO |  125 | Workflow             | 11/01/2026 12:25:02.738 | Full log: /home/runner/work/blog/blog/var/log/homerunnerworkblogblogsource.log
      INFO |  126 | Workflow             | 11/01/2026 12:25:02.738 | The End
     DEBUG |  227 | KB4IT                | 11/01/2026 12:25:02.743 | KB4IT 0.7.25+build.3 finished at 2026-01-11T12:25:02.743588
